# JRE version: OpenJDK Runtime Environment (17.0.6) (build 17.0.6+0-b2043.56-9586694)
# Java VM: OpenJDK 64-Bit Server VM (17.0.6+0-b2043.56-9586694, mixed mode, tiered, compressed oops, compressed class ptrs, g1 gc, windows-amd64)
GC Precious Log:
 CPUs: 2 total, 2 available
 Memory: 8057M
 Large Page Support: Disabled
 NUMA Support: Disabled
 Compressed Oops: Enabled (32-bit)
 Heap Region Size: 1M
 Heap Min Capacity: 8M
 Heap Initial Capacity: 126M
 Heap Max Capacity: 2G
 Pre-touch: Disabled
 Parallel Workers: 2
 Concurrent Workers: 1
 Concurrent Refinement Workers: 2
 Periodic GC: Disabled
Heap:
 garbage-first heap   total 150528K, used 85976K [0x0000000080000000, 0x0000000100000000)
  region size 1024K, 4 young (4096K), 4 survivors (4096K)
 Metaspace       used 47227K, committed 47680K, reserved 1097728K
  class space    used 6212K, committed 6400K, reserved 1048576K
GC Heap History (20 events):
Event: 14.180 GC heap after
{Heap after GC invocations=27 (full 0):
 garbage-first heap   total 150528K, used 82720K [0x0000000080000000, 0x0000000100000000)
  region size 1024K, 2 young (2048K), 2 survivors (2048K)
 Metaspace       used 47159K, committed 47552K, reserved 1097728K
  class space    used 6204K, committed 6400K, reserved 1048576K
}
Event: 14.715 GC heap before
{Heap before GC invocations=28 (full 0):
 garbage-first heap   total 150528K, used 124704K [0x0000000080000000, 0x0000000100000000)
  region size 1024K, 44 young (45056K), 2 survivors (2048K)
 Metaspace       used 47200K, committed 47616K, reserved 1097728K
  class space    used 6212K, committed 6400K, reserved 1048576K
}
Event: 14.718 GC heap after
{Heap after GC invocations=29 (full 0):
 garbage-first heap   total 150528K, used 82175K [0x0000000080000000, 0x0000000100000000)
  region size 1024K, 2 young (2048K), 2 survivors (2048K)
 Metaspace       used 47200K, committed 47616K, reserved 1097728K
  class space    used 6212K, committed 6400K, reserved 1048576K
}
Event: 15.152 GC heap before
{Heap before GC invocations=29 (full 0):
 garbage-first heap   total 150528K, used 126207K [0x0000000080000000, 0x0000000100000000)
  region size 1024K, 45 young (46080K), 2 survivors (2048K)
 Metaspace       used 47209K, committed 47680K, reserved 1097728K
  class space    used 6212K, committed 6400K, reserved 1048576K
}
Event: 15.155 GC heap after
{Heap after GC invocations=30 (full 0):
 garbage-first heap   total 150528K, used 82537K [0x0000000080000000, 0x0000000100000000)
  region size 1024K, 2 young (2048K), 2 survivors (2048K)
 Metaspace       used 47209K, committed 47680K, reserved 1097728K
  class space    used 6212K, committed 6400K, reserved 1048576K
}
Event: 15.713 GC heap before
{Heap before GC invocations=31 (full 0):
 garbage-first heap   total 150528K, used 128617K [0x0000000080000000, 0x0000000100000000)
  region size 1024K, 47 young (48128K), 2 survivors (2048K)
 Metaspace       used 47214K, committed 47680K, reserved 1097728K
  class space    used 6212K, committed 6400K, reserved 1048576K
}
Event: 15.716 GC heap after
{Heap after GC invocations=32 (full 0):
 garbage-first heap   total 150528K, used 83008K [0x0000000080000000, 0x0000000100000000)
  region size 1024K, 3 young (3072K), 3 survivors (3072K)
 Metaspace       used 47214K, committed 47680K, reserved 1097728K
  class space    used 6212K, committed 6400K, reserved 1048576K
}
Event: 16.219 GC heap before
{Heap before GC invocations=32 (full 0):
 garbage-first heap   total 150528K, used 129088K [0x0000000080000000, 0x0000000100000000)
  region size 1024K, 48 young (49152K), 3 survivors (3072K)
 Metaspace       used 47214K, committed 47680K, reserved 1097728K
  class space    used 6212K, committed 6400K, reserved 1048576K
}
Event: 16.223 GC heap after
{Heap after GC invocations=33 (full 0):
 garbage-first heap   total 150528K, used 83577K [0x0000000080000000, 0x0000000100000000)
  region size 1024K, 3 young (3072K), 3 survivors (3072K)
 Metaspace       used 47214K, committed 47680K, reserved 1097728K
  class space    used 6212K, committed 6400K, reserved 1048576K
}
Event: 16.791 GC heap before
{Heap before GC invocations=34 (full 0):
 garbage-first heap   total 150528K, used 129657K [0x0000000080000000, 0x0000000100000000)
  region size 1024K, 48 young (49152K), 3 survivors (3072K)
 Metaspace       used 47216K, committed 47680K, reserved 1097728K
  class space    used 6212K, committed 6400K, reserved 1048576K
}
Event: 16.795 GC heap after
{Heap after GC invocations=35 (full 0):
 garbage-first heap   total 150528K, used 83738K [0x0000000080000000, 0x0000000100000000)
  region size 1024K, 3 young (3072K), 3 survivors (3072K)
 Metaspace       used 47216K, committed 47680K, reserved 1097728K
  class space    used 6212K, committed 6400K, reserved 1048576K
}
Event: 17.301 GC heap before
{Heap before GC invocations=35 (full 0):
 garbage-first heap   total 150528K, used 130842K [0x0000000080000000, 0x0000000100000000)
  region size 1024K, 49 young (50176K), 3 survivors (3072K)
 Metaspace       used 47219K, committed 47680K, reserved 1097728K
  class space    used 6212K, committed 6400K, reserved 1048576K
}
Event: 17.305 GC heap after
{Heap after GC invocations=36 (full 0):
 garbage-first heap   total 150528K, used 84029K [0x0000000080000000, 0x0000000100000000)
  region size 1024K, 4 young (4096K), 4 survivors (4096K)
 Metaspace       used 47219K, committed 47680K, reserved 1097728K
  class space    used 6212K, committed 6400K, reserved 1048576K
}
Event: 17.799 GC heap before
{Heap before GC invocations=37 (full 0):
 garbage-first heap   total 150528K, used 130109K [0x0000000080000000, 0x0000000100000000)
  region size 1024K, 49 young (50176K), 4 survivors (4096K)
 Metaspace       used 47221K, committed 47680K, reserved 1097728K
  class space    used 6212K, committed 6400K, reserved 1048576K
}
Event: 17.804 GC heap after
{Heap after GC invocations=38 (full 0):
 garbage-first heap   total 150528K, used 84567K [0x0000000080000000, 0x0000000100000000)
  region size 1024K, 4 young (4096K), 4 survivors (4096K)
 Metaspace       used 47221K, committed 47680K, reserved 1097728K
  class space    used 6212K, committed 6400K, reserved 1048576K
}
Event: 18.414 GC heap before
{Heap before GC invocations=38 (full 0):
 garbage-first heap   total 150528K, used 130647K [0x0000000080000000, 0x0000000100000000)
  region size 1024K, 49 young (50176K), 4 survivors (4096K)
 Metaspace       used 47224K, committed 47680K, reserved 1097728K
  class space    used 6212K, committed 6400K, reserved 1048576K
}
Event: 18.419 GC heap after
{Heap after GC invocations=39 (full 0):
 garbage-first heap   total 150528K, used 85122K [0x0000000080000000, 0x0000000100000000)
  region size 1024K, 5 young (5120K), 5 survivors (5120K)
 Metaspace       used 47224K, committed 47680K, reserved 1097728K
  class space    used 6212K, committed 6400K, reserved 1048576K
}
Event: 18.896 GC heap before
{Heap before GC invocations=40 (full 0):
 garbage-first heap   total 150528K, used 129154K [0x0000000080000000, 0x0000000100000000)
  region size 1024K, 48 young (49152K), 5 survivors (5120K)
 Metaspace       used 47224K, committed 47680K, reserved 1097728K
  class space    used 6212K, committed 6400K, reserved 1048576K
}
Event: 18.901 GC heap after
{Heap after GC invocations=41 (full 0):
 garbage-first heap   total 150528K, used 85677K [0x0000000080000000, 0x0000000100000000)
  region size 1024K, 4 young (4096K), 4 survivors (4096K)
 Metaspace       used 47224K, committed 47680K, reserved 1097728K
  class space    used 6212K, committed 6400K, reserved 1048576K
}
Event: 19.433 GC heap before
{Heap before GC invocations=41 (full 0):
 garbage-first heap   total 150528K, used 130733K [0x0000000080000000, 0x0000000100000000)
  region size 1024K, 48 young (49152K), 4 survivors (4096K)
 Metaspace       used 47227K, committed 47680K, reserved 1097728K
  class space    used 6212K, committed 6400K, reserved 1048576K
}

