# JRE version: OpenJDK Runtime Environment (11.0.15) (build 11.0.15+0-b2043.56-9505619)
# Java VM: OpenJDK 64-Bit Server VM (11.0.15+0-b2043.56-9505619, mixed mode, tiered, compressed oops, g1 gc, windows-amd64)
Heap:
 garbage-first heap   total 129024K, used 10130K [0x0000000082000000, 0x0000000100000000)
  region size 1024K, 4 young (4096K), 4 survivors (4096K)
 Metaspace       used 17153K, capacity 17303K, committed 17408K, reserved 1073152K
  class space    used 1652K, capacity 1730K, committed 1792K, reserved 1048576K
GC Heap History (8 events):
Event: 2.252 GC heap before
{Heap before GC invocations=0 (full 0):
 garbage-first heap   total 129024K, used 10240K [0x0000000082000000, 0x0000000100000000)
  region size 1024K, 7 young (7168K), 0 survivors (0K)
 Metaspace       used 7248K, capacity 7407K, committed 7680K, reserved 1056768K
  class space    used 607K, capacity 660K, committed 768K, reserved 1048576K
}
Event: 2.489 GC heap after
{Heap after GC invocations=1 (full 0):
 garbage-first heap   total 129024K, used 6182K [0x0000000082000000, 0x0000000100000000)
  region size 1024K, 1 young (1024K), 1 survivors (1024K)
 Metaspace       used 7248K, capacity 7407K, committed 7680K, reserved 1056768K
  class space    used 607K, capacity 660K, committed 768K, reserved 1048576K
}
Event: 5.265 GC heap before
{Heap before GC invocations=1 (full 0):
 garbage-first heap   total 129024K, used 21542K [0x0000000082000000, 0x0000000100000000)
  region size 1024K, 16 young (16384K), 1 survivors (1024K)
 Metaspace       used 11505K, capacity 11602K, committed 11904K, reserved 1060864K
  class space    used 1033K, capacity 1077K, committed 1152K, reserved 1048576K
}
Event: 5.269 GC heap after
{Heap after GC invocations=2 (full 0):
 garbage-first heap   total 129024K, used 6876K [0x0000000082000000, 0x0000000100000000)
  region size 1024K, 2 young (2048K), 2 survivors (2048K)
 Metaspace       used 11505K, capacity 11602K, committed 11904K, reserved 1060864K
  class space    used 1033K, capacity 1077K, committed 1152K, reserved 1048576K
}
Event: 6.965 GC heap before
{Heap before GC invocations=2 (full 0):
 garbage-first heap   total 129024K, used 24284K [0x0000000082000000, 0x0000000100000000)
  region size 1024K, 19 young (19456K), 2 survivors (2048K)
 Metaspace       used 14894K, capacity 15064K, committed 15360K, reserved 1062912K
  class space    used 1407K, capacity 1463K, committed 1536K, reserved 1048576K
}
Event: 6.974 GC heap after
{Heap after GC invocations=3 (full 0):
 garbage-first heap   total 129024K, used 8815K [0x0000000082000000, 0x0000000100000000)
  region size 1024K, 3 young (3072K), 3 survivors (3072K)
 Metaspace       used 14894K, capacity 15064K, committed 15360K, reserved 1062912K
  class space    used 1407K, capacity 1463K, committed 1536K, reserved 1048576K
}
Event: 8.276 GC heap before
{Heap before GC invocations=3 (full 0):
 garbage-first heap   total 129024K, used 18031K [0x0000000082000000, 0x0000000100000000)
  region size 1024K, 13 young (13312K), 3 survivors (3072K)
 Metaspace       used 17153K, capacity 17303K, committed 17408K, reserved 1071104K
  class space    used 1652K, capacity 1730K, committed 1792K, reserved 1048576K
}
Event: 8.284 GC heap after
{Heap after GC invocations=4 (full 0):
 garbage-first heap   total 129024K, used 10130K [0x0000000082000000, 0x0000000100000000)
  region size 1024K, 4 young (4096K), 4 survivors (4096K)
 Metaspace       used 17153K, capacity 17303K, committed 17408K, reserved 1071104K
  class space    used 1652K, capacity 1730K, committed 1792K, reserved 1048576K
}

