# JRE version: OpenJDK Runtime Environment (17.0.6) (build 17.0.6+0-b2043.56-9586694)
# Java VM: OpenJDK 64-Bit Server VM (17.0.6+0-b2043.56-9586694, mixed mode, tiered, compressed oops, compressed class ptrs, g1 gc, windows-amd64)
GC Precious Log:
 CPUs: 2 total, 2 available
 Memory: 8057M
 Large Page Support: Disabled
 NUMA Support: Disabled
 Compressed Oops: Enabled (32-bit)
 Heap Region Size: 1M
 Heap Min Capacity: 8M
 Heap Initial Capacity: 126M
 Heap Max Capacity: 2G
 Pre-touch: Disabled
 Parallel Workers: 2
 Concurrent Workers: 1
 Concurrent Refinement Workers: 2
 Periodic GC: Disabled
Heap:
 garbage-first heap   total 162816K, used 85575K [0x0000000080000000, 0x0000000100000000)
  region size 1024K, 5 young (5120K), 5 survivors (5120K)
 Metaspace       used 46314K, committed 46784K, reserved 1089536K
  class space    used 6138K, committed 6336K, reserved 1048576K
GC Heap History (20 events):
Event: 18.751 GC heap after
{Heap after GC invocations=20 (full 0):
 garbage-first heap   total 113664K, used 65504K [0x0000000080000000, 0x0000000100000000)
  region size 1024K, 4 young (4096K), 4 survivors (4096K)
 Metaspace       used 42328K, committed 42688K, reserved 1089536K
  class space    used 5621K, committed 5824K, reserved 1048576K
}
Event: 20.218 GC heap before
{Heap before GC invocations=21 (full 0):
 garbage-first heap   total 117760K, used 92128K [0x0000000080000000, 0x0000000100000000)
  region size 1024K, 27 young (27648K), 4 survivors (4096K)
 Metaspace       used 45884K, committed 46272K, reserved 1089536K
  class space    used 6069K, committed 6272K, reserved 1048576K
}
Event: 20.227 GC heap after
{Heap after GC invocations=22 (full 0):
 garbage-first heap   total 117760K, used 65977K [0x0000000080000000, 0x0000000100000000)
  region size 1024K, 2 young (2048K), 2 survivors (2048K)
 Metaspace       used 45884K, committed 46272K, reserved 1089536K
  class space    used 6069K, committed 6272K, reserved 1048576K
}
Event: 35.093 GC heap before
{Heap before GC invocations=22 (full 0):
 garbage-first heap   total 117760K, used 73145K [0x0000000080000000, 0x0000000100000000)
  region size 1024K, 10 young (10240K), 2 survivors (2048K)
 Metaspace       used 46287K, committed 46720K, reserved 1089536K
  class space    used 6136K, committed 6336K, reserved 1048576K
}
Event: 35.100 GC heap after
{Heap after GC invocations=23 (full 0):
 garbage-first heap   total 117760K, used 66386K [0x0000000080000000, 0x0000000100000000)
  region size 1024K, 2 young (2048K), 2 survivors (2048K)
 Metaspace       used 46287K, committed 46720K, reserved 1089536K
  class space    used 6136K, committed 6336K, reserved 1048576K
}
Event: 35.395 GC heap before
{Heap before GC invocations=24 (full 0):
 garbage-first heap   total 135168K, used 107346K [0x0000000080000000, 0x0000000100000000)
  region size 1024K, 29 young (29696K), 2 survivors (2048K)
 Metaspace       used 46303K, committed 46720K, reserved 1089536K
  class space    used 6136K, committed 6336K, reserved 1048576K
}
Event: 35.402 GC heap after
{Heap after GC invocations=25 (full 0):
 garbage-first heap   total 135168K, used 80447K [0x0000000080000000, 0x0000000100000000)
  region size 1024K, 3 young (3072K), 3 survivors (3072K)
 Metaspace       used 46303K, committed 46720K, reserved 1089536K
  class space    used 6136K, committed 6336K, reserved 1048576K
}
Event: 35.690 GC heap before
{Heap before GC invocations=25 (full 0):
 garbage-first heap   total 135168K, used 110143K [0x0000000080000000, 0x0000000100000000)
  region size 1024K, 32 young (32768K), 3 survivors (3072K)
 Metaspace       used 46303K, committed 46720K, reserved 1089536K
  class space    used 6136K, committed 6336K, reserved 1048576K
}
Event: 35.697 GC heap after
{Heap after GC invocations=26 (full 0):
 garbage-first heap   total 135168K, used 81052K [0x0000000080000000, 0x0000000100000000)
  region size 1024K, 2 young (2048K), 2 survivors (2048K)
 Metaspace       used 46303K, committed 46720K, reserved 1089536K
  class space    used 6136K, committed 6336K, reserved 1048576K
}
Event: 36.061 GC heap before
{Heap before GC invocations=27 (full 0):
 garbage-first heap   total 138240K, used 111772K [0x0000000080000000, 0x0000000100000000)
  region size 1024K, 32 young (32768K), 2 survivors (2048K)
 Metaspace       used 46314K, committed 46784K, reserved 1089536K
  class space    used 6138K, committed 6336K, reserved 1048576K
}
Event: 36.066 GC heap after
{Heap after GC invocations=28 (full 0):
 garbage-first heap   total 138240K, used 81589K [0x0000000080000000, 0x0000000100000000)
  region size 1024K, 3 young (3072K), 3 survivors (3072K)
 Metaspace       used 46314K, committed 46784K, reserved 1089536K
  class space    used 6138K, committed 6336K, reserved 1048576K
}
Event: 36.240 GC heap before
{Heap before GC invocations=28 (full 0):
 garbage-first heap   total 138240K, used 114357K [0x0000000080000000, 0x0000000100000000)
  region size 1024K, 35 young (35840K), 3 survivors (3072K)
 Metaspace       used 46314K, committed 46784K, reserved 1089536K
  class space    used 6138K, committed 6336K, reserved 1048576K
}
Event: 36.245 GC heap after
{Heap after GC invocations=29 (full 0):
 garbage-first heap   total 138240K, used 82275K [0x0000000080000000, 0x0000000100000000)
  region size 1024K, 4 young (4096K), 4 survivors (4096K)
 Metaspace       used 46314K, committed 46784K, reserved 1089536K
  class space    used 6138K, committed 6336K, reserved 1048576K
}
Event: 36.414 GC heap before
{Heap before GC invocations=30 (full 0):
 garbage-first heap   total 158720K, used 115043K [0x0000000080000000, 0x0000000100000000)
  region size 1024K, 36 young (36864K), 4 survivors (4096K)
 Metaspace       used 46314K, committed 46784K, reserved 1089536K
  class space    used 6138K, committed 6336K, reserved 1048576K
}
Event: 36.419 GC heap after
{Heap after GC invocations=31 (full 0):
 garbage-first heap   total 158720K, used 82738K [0x0000000080000000, 0x0000000100000000)
  region size 1024K, 3 young (3072K), 3 survivors (3072K)
 Metaspace       used 46314K, committed 46784K, reserved 1089536K
  class space    used 6138K, committed 6336K, reserved 1048576K
}
Event: 36.613 GC heap before
{Heap before GC invocations=31 (full 0):
 garbage-first heap   total 158720K, used 132914K [0x0000000080000000, 0x0000000100000000)
  region size 1024K, 52 young (53248K), 3 survivors (3072K)
 Metaspace       used 46314K, committed 46784K, reserved 1089536K
  class space    used 6138K, committed 6336K, reserved 1048576K
}
Event: 36.618 GC heap after
{Heap after GC invocations=32 (full 0):
 garbage-first heap   total 158720K, used 83762K [0x0000000080000000, 0x0000000100000000)
  region size 1024K, 4 young (4096K), 4 survivors (4096K)
 Metaspace       used 46314K, committed 46784K, reserved 1089536K
  class space    used 6138K, committed 6336K, reserved 1048576K
}
Event: 36.830 GC heap before
{Heap before GC invocations=33 (full 0):
 garbage-first heap   total 162816K, used 133938K [0x0000000080000000, 0x0000000100000000)
  region size 1024K, 53 young (54272K), 4 survivors (4096K)
 Metaspace       used 46314K, committed 46784K, reserved 1089536K
  class space    used 6138K, committed 6336K, reserved 1048576K
}
Event: 36.836 GC heap after
{Heap after GC invocations=34 (full 0):
 garbage-first heap   total 162816K, used 84897K [0x0000000080000000, 0x0000000100000000)
  region size 1024K, 5 young (5120K), 5 survivors (5120K)
 Metaspace       used 46314K, committed 46784K, reserved 1089536K
  class space    used 6138K, committed 6336K, reserved 1048576K
}
Event: 37.076 GC heap before
{Heap before GC invocations=34 (full 0):
 garbage-first heap   total 162816K, used 138145K [0x0000000080000000, 0x0000000100000000)
  region size 1024K, 57 young (58368K), 5 survivors (5120K)
 Metaspace       used 46314K, committed 46784K, reserved 1089536K
  class space    used 6138K, committed 6336K, reserved 1048576K
}

