# JRE version: OpenJDK Runtime Environment (17.0.6) (build 17.0.6+0-b2043.56-9586694)
# Java VM: OpenJDK 64-Bit Server VM (17.0.6+0-b2043.56-9586694, mixed mode, tiered, compressed oops, compressed class ptrs, g1 gc, windows-amd64)
GC Precious Log:
 CPUs: 2 total, 2 available
 Memory: 8057M
 Large Page Support: Disabled
 NUMA Support: Disabled
 Compressed Oops: Enabled (32-bit)
 Heap Region Size: 1M
 Heap Min Capacity: 8M
 Heap Initial Capacity: 126M
 Heap Max Capacity: 2G
 Pre-touch: Disabled
 Parallel Workers: 2
 Concurrent Workers: 1
 Concurrent Refinement Workers: 2
 Periodic GC: Disabled
Heap:
 garbage-first heap   total 485376K, used 306688K [0x0000000080000000, 0x0000000100000000)
  region size 1024K, 14 young (14336K), 9 survivors (9216K)
 Metaspace       used 157356K, committed 158528K, reserved 1187840K
  class space    used 19870K, committed 20416K, reserved 1048576K
GC Heap History (20 events):
Event: 787.126 GC heap before
{Heap before GC invocations=135 (full 0):
 garbage-first heap   total 452608K, used 387811K [0x0000000080000000, 0x0000000100000000)
  region size 1024K, 168 young (172032K), 14 survivors (14336K)
 Metaspace       used 140265K, committed 141248K, reserved 1171456K
  class space    used 18005K, committed 18496K, reserved 1048576K
}
Event: 787.193 GC heap after
{Heap after GC invocations=136 (full 0):
 garbage-first heap   total 452608K, used 241763K [0x0000000080000000, 0x0000000100000000)
  region size 1024K, 21 young (21504K), 21 survivors (21504K)
 Metaspace       used 140265K, committed 141248K, reserved 1171456K
  class space    used 18005K, committed 18496K, reserved 1048576K
}
Event: 795.874 GC heap before
{Heap before GC invocations=136 (full 0):
 garbage-first heap   total 452608K, used 383075K [0x0000000080000000, 0x0000000100000000)
  region size 1024K, 160 young (163840K), 21 survivors (21504K)
 Metaspace       used 143830K, committed 144896K, reserved 1179648K
  class space    used 18489K, committed 19008K, reserved 1048576K
}
Event: 795.959 GC heap after
{Heap after GC invocations=137 (full 0):
 garbage-first heap   total 452608K, used 256518K [0x0000000080000000, 0x0000000100000000)
  region size 1024K, 15 young (15360K), 15 survivors (15360K)
 Metaspace       used 143830K, committed 144896K, reserved 1179648K
  class space    used 18489K, committed 19008K, reserved 1048576K
}
Event: 800.741 GC heap before
{Heap before GC invocations=137 (full 0):
 garbage-first heap   total 452608K, used 382470K [0x0000000080000000, 0x0000000100000000)
  region size 1024K, 123 young (125952K), 15 survivors (15360K)
 Metaspace       used 147774K, committed 148800K, reserved 1179648K
  class space    used 18952K, committed 19456K, reserved 1048576K
}
Event: 800.849 GC heap after
{Heap after GC invocations=138 (full 0):
 garbage-first heap   total 452608K, used 287331K [0x0000000080000000, 0x0000000100000000)
  region size 1024K, 17 young (17408K), 17 survivors (17408K)
 Metaspace       used 147774K, committed 148800K, reserved 1179648K
  class space    used 18952K, committed 19456K, reserved 1048576K
}
Event: 804.806 GC heap before
{Heap before GC invocations=139 (full 0):
 garbage-first heap   total 485376K, used 383587K [0x0000000080000000, 0x0000000100000000)
  region size 1024K, 95 young (97280K), 17 survivors (17408K)
 Metaspace       used 149582K, committed 150656K, reserved 1187840K
  class space    used 19087K, committed 19584K, reserved 1048576K
}
Event: 804.885 GC heap after
{Heap after GC invocations=140 (full 0):
 garbage-first heap   total 485376K, used 296035K [0x0000000080000000, 0x0000000100000000)
  region size 1024K, 8 young (8192K), 8 survivors (8192K)
 Metaspace       used 149582K, committed 150656K, reserved 1187840K
  class space    used 19087K, committed 19584K, reserved 1048576K
}
Event: 805.110 GC heap before
{Heap before GC invocations=140 (full 0):
 garbage-first heap   total 485376K, used 311395K [0x0000000080000000, 0x0000000100000000)
  region size 1024K, 23 young (23552K), 8 survivors (8192K)
 Metaspace       used 149613K, committed 150656K, reserved 1187840K
  class space    used 19091K, committed 19584K, reserved 1048576K
}
Event: 805.128 GC heap after
{Heap after GC invocations=141 (full 0):
 garbage-first heap   total 485376K, used 288256K [0x0000000080000000, 0x0000000100000000)
  region size 1024K, 3 young (3072K), 3 survivors (3072K)
 Metaspace       used 149613K, committed 150656K, reserved 1187840K
  class space    used 19091K, committed 19584K, reserved 1048576K
}
Event: 808.361 GC heap before
{Heap before GC invocations=141 (full 0):
 garbage-first heap   total 485376K, used 392704K [0x0000000080000000, 0x0000000100000000)
  region size 1024K, 106 young (108544K), 3 survivors (3072K)
 Metaspace       used 152964K, committed 154048K, reserved 1187840K
  class space    used 19373K, committed 19904K, reserved 1048576K
}
Event: 808.382 GC heap after
{Heap after GC invocations=142 (full 0):
 garbage-first heap   total 485376K, used 290744K [0x0000000080000000, 0x0000000100000000)
  region size 1024K, 6 young (6144K), 6 survivors (6144K)
 Metaspace       used 152964K, committed 154048K, reserved 1187840K
  class space    used 19373K, committed 19904K, reserved 1048576K
}
Event: 812.378 GC heap before
{Heap before GC invocations=142 (full 0):
 garbage-first heap   total 485376K, used 400312K [0x0000000080000000, 0x0000000100000000)
  region size 1024K, 112 young (114688K), 6 survivors (6144K)
 Metaspace       used 153962K, committed 155008K, reserved 1187840K
  class space    used 19470K, committed 19968K, reserved 1048576K
}
Event: 812.401 GC heap after
{Heap after GC invocations=143 (full 0):
 garbage-first heap   total 485376K, used 294361K [0x0000000080000000, 0x0000000100000000)
  region size 1024K, 9 young (9216K), 9 survivors (9216K)
 Metaspace       used 153962K, committed 155008K, reserved 1187840K
  class space    used 19470K, committed 19968K, reserved 1048576K
}
Event: 838.809 GC heap before
{Heap before GC invocations=143 (full 0):
 garbage-first heap   total 485376K, used 403929K [0x0000000080000000, 0x0000000100000000)
  region size 1024K, 116 young (118784K), 9 survivors (9216K)
 Metaspace       used 156377K, committed 157504K, reserved 1187840K
  class space    used 19760K, committed 20288K, reserved 1048576K
}
Event: 838.841 GC heap after
{Heap after GC invocations=144 (full 0):
 garbage-first heap   total 485376K, used 298561K [0x0000000080000000, 0x0000000100000000)
  region size 1024K, 11 young (11264K), 11 survivors (11264K)
 Metaspace       used 156377K, committed 157504K, reserved 1187840K
  class space    used 19760K, committed 20288K, reserved 1048576K
}
Event: 850.068 GC heap before
{Heap before GC invocations=144 (full 0):
 garbage-first heap   total 485376K, used 406081K [0x0000000080000000, 0x0000000100000000)
  region size 1024K, 117 young (119808K), 11 survivors (11264K)
 Metaspace       used 156550K, committed 157632K, reserved 1187840K
  class space    used 19784K, committed 20288K, reserved 1048576K
}
Event: 850.117 GC heap after
{Heap after GC invocations=145 (full 0):
 garbage-first heap   total 485376K, used 299520K [0x0000000080000000, 0x0000000100000000)
  region size 1024K, 6 young (6144K), 6 survivors (6144K)
 Metaspace       used 156550K, committed 157632K, reserved 1187840K
  class space    used 19784K, committed 20288K, reserved 1048576K
}
Event: 863.107 GC heap before
{Heap before GC invocations=145 (full 0):
 garbage-first heap   total 485376K, used 412159K [0x0000000080000000, 0x0000000100000000)
  region size 1024K, 117 young (119808K), 6 survivors (6144K)
 Metaspace       used 157305K, committed 158400K, reserved 1187840K
  class space    used 19863K, committed 20352K, reserved 1048576K
}
Event: 863.130 GC heap after
{Heap after GC invocations=146 (full 0):
 garbage-first heap   total 485376K, used 301568K [0x0000000080000000, 0x0000000100000000)
  region size 1024K, 8 young (8192K), 8 survivors (8192K)
 Metaspace       used 157305K, committed 158400K, reserved 1187840K
  class space    used 19863K, committed 20352K, reserved 1048576K
}

