# JRE version: OpenJDK Runtime Environment (17.0.6) (build 17.0.6+0-b2043.56-9586694)
# Java VM: OpenJDK 64-Bit Server VM (17.0.6+0-b2043.56-9586694, mixed mode, tiered, compressed oops, compressed class ptrs, g1 gc, windows-amd64)
GC Precious Log:
 CPUs: 2 total, 2 available
 Memory: 8057M
 Large Page Support: Disabled
 NUMA Support: Disabled
 Compressed Oops: Enabled (32-bit)
 Heap Region Size: 1M
 Heap Min Capacity: 8M
 Heap Initial Capacity: 126M
 Heap Max Capacity: 2G
 Pre-touch: Disabled
 Parallel Workers: 2
 Concurrent Workers: 1
 Concurrent Refinement Workers: 2
 Periodic GC: Disabled
Heap:
 garbage-first heap   total 137216K, used 93898K [0x0000000080000000, 0x0000000100000000)
  region size 1024K, 17 young (17408K), 3 survivors (3072K)
 Metaspace       used 46257K, committed 46720K, reserved 1089536K
  class space    used 6135K, committed 6336K, reserved 1048576K
GC Heap History (20 events):
Event: 11.496 GC heap before
{Heap before GC invocations=14 (full 0):
 garbage-first heap   total 97280K, used 77556K [0x0000000080000000, 0x0000000100000000)
  region size 1024K, 22 young (22528K), 1 survivors (1024K)
 Metaspace       used 34279K, committed 34688K, reserved 1081344K
  class space    used 4745K, committed 4928K, reserved 1048576K
}
Event: 11.503 GC heap after
{Heap after GC invocations=15 (full 0):
 garbage-first heap   total 125952K, used 57079K [0x0000000080000000, 0x0000000100000000)
  region size 1024K, 2 young (2048K), 2 survivors (2048K)
 Metaspace       used 34279K, committed 34688K, reserved 1081344K
  class space    used 4745K, committed 4928K, reserved 1048576K
}
Event: 13.064 GC heap before
{Heap before GC invocations=16 (full 0):
 garbage-first heap   total 125952K, used 98039K [0x0000000080000000, 0x0000000100000000)
  region size 1024K, 43 young (44032K), 2 survivors (2048K)
 Metaspace       used 41804K, committed 42176K, reserved 1089536K
  class space    used 5562K, committed 5760K, reserved 1048576K
}
Event: 13.080 GC heap after
{Heap after GC invocations=17 (full 0):
 garbage-first heap   total 125952K, used 62354K [0x0000000080000000, 0x0000000100000000)
  region size 1024K, 6 young (6144K), 6 survivors (6144K)
 Metaspace       used 41804K, committed 42176K, reserved 1089536K
  class space    used 5562K, committed 5760K, reserved 1048576K
}
Event: 13.340 GC heap before
{Heap before GC invocations=17 (full 0):
 garbage-first heap   total 125952K, used 70546K [0x0000000080000000, 0x0000000100000000)
  region size 1024K, 15 young (15360K), 6 survivors (6144K)
 Metaspace       used 42270K, committed 42688K, reserved 1089536K
  class space    used 5608K, committed 5824K, reserved 1048576K
}
Event: 13.369 GC heap after
{Heap after GC invocations=18 (full 0):
 garbage-first heap   total 125952K, used 63439K [0x0000000080000000, 0x0000000100000000)
  region size 1024K, 2 young (2048K), 2 survivors (2048K)
 Metaspace       used 42270K, committed 42688K, reserved 1089536K
  class space    used 5608K, committed 5824K, reserved 1048576K
}
Event: 13.437 GC heap before
{Heap before GC invocations=19 (full 0):
 garbage-first heap   total 125952K, used 64463K [0x0000000080000000, 0x0000000100000000)
  region size 1024K, 3 young (3072K), 2 survivors (2048K)
 Metaspace       used 42270K, committed 42688K, reserved 1089536K
  class space    used 5608K, committed 5824K, reserved 1048576K
}
Event: 13.440 GC heap after
{Heap after GC invocations=20 (full 0):
 garbage-first heap   total 125952K, used 63719K [0x0000000080000000, 0x0000000100000000)
  region size 1024K, 2 young (2048K), 2 survivors (2048K)
 Metaspace       used 42270K, committed 42688K, reserved 1089536K
  class space    used 5608K, committed 5824K, reserved 1048576K
}
Event: 14.911 GC heap before
{Heap before GC invocations=21 (full 0):
 garbage-first heap   total 125952K, used 92391K [0x0000000080000000, 0x0000000100000000)
  region size 1024K, 29 young (29696K), 2 survivors (2048K)
 Metaspace       used 46144K, committed 46528K, reserved 1089536K
  class space    used 6116K, committed 6336K, reserved 1048576K
}
Event: 14.921 GC heap after
{Heap after GC invocations=22 (full 0):
 garbage-first heap   total 125952K, used 64547K [0x0000000080000000, 0x0000000100000000)
  region size 1024K, 3 young (3072K), 3 survivors (3072K)
 Metaspace       used 46144K, committed 46528K, reserved 1089536K
  class space    used 6116K, committed 6336K, reserved 1048576K
}
Event: 15.016 GC heap before
{Heap before GC invocations=23 (full 0):
 garbage-first heap   total 125952K, used 75811K [0x0000000080000000, 0x0000000100000000)
  region size 1024K, 4 young (4096K), 3 survivors (3072K)
 Metaspace       used 46144K, committed 46528K, reserved 1089536K
  class space    used 6116K, committed 6336K, reserved 1048576K
}
Event: 15.024 GC heap after
{Heap after GC invocations=24 (full 0):
 garbage-first heap   total 125952K, used 75853K [0x0000000080000000, 0x0000000100000000)
  region size 1024K, 2 young (2048K), 2 survivors (2048K)
 Metaspace       used 46144K, committed 46528K, reserved 1089536K
  class space    used 6116K, committed 6336K, reserved 1048576K
}
Event: 15.550 GC heap before
{Heap before GC invocations=25 (full 0):
 garbage-first heap   total 133120K, used 106573K [0x0000000080000000, 0x0000000100000000)
  region size 1024K, 30 young (30720K), 2 survivors (2048K)
 Metaspace       used 46216K, committed 46656K, reserved 1089536K
  class space    used 6126K, committed 6336K, reserved 1048576K
}
Event: 15.556 GC heap after
{Heap after GC invocations=26 (full 0):
 garbage-first heap   total 133120K, used 78791K [0x0000000080000000, 0x0000000100000000)
  region size 1024K, 3 young (3072K), 3 survivors (3072K)
 Metaspace       used 46216K, committed 46656K, reserved 1089536K
  class space    used 6126K, committed 6336K, reserved 1048576K
}
Event: 15.749 GC heap before
{Heap before GC invocations=26 (full 0):
 garbage-first heap   total 133120K, used 111559K [0x0000000080000000, 0x0000000100000000)
  region size 1024K, 35 young (35840K), 3 survivors (3072K)
 Metaspace       used 46219K, committed 46656K, reserved 1089536K
  class space    used 6126K, committed 6336K, reserved 1048576K
}
Event: 15.755 GC heap after
{Heap after GC invocations=27 (full 0):
 garbage-first heap   total 133120K, used 79380K [0x0000000080000000, 0x0000000100000000)
  region size 1024K, 2 young (2048K), 2 survivors (2048K)
 Metaspace       used 46219K, committed 46656K, reserved 1089536K
  class space    used 6126K, committed 6336K, reserved 1048576K
}
Event: 16.070 GC heap before
{Heap before GC invocations=28 (full 0):
 garbage-first heap   total 137216K, used 112148K [0x0000000080000000, 0x0000000100000000)
  region size 1024K, 34 young (34816K), 2 survivors (2048K)
 Metaspace       used 46256K, committed 46720K, reserved 1089536K
  class space    used 6134K, committed 6336K, reserved 1048576K
}
Event: 16.074 GC heap after
{Heap after GC invocations=29 (full 0):
 garbage-first heap   total 137216K, used 79835K [0x0000000080000000, 0x0000000100000000)
  region size 1024K, 2 young (2048K), 2 survivors (2048K)
 Metaspace       used 46256K, committed 46720K, reserved 1089536K
  class space    used 6134K, committed 6336K, reserved 1048576K
}
Event: 16.288 GC heap before
{Heap before GC invocations=29 (full 0):
 garbage-first heap   total 137216K, used 115675K [0x0000000080000000, 0x0000000100000000)
  region size 1024K, 37 young (37888K), 2 survivors (2048K)
 Metaspace       used 46257K, committed 46720K, reserved 1089536K
  class space    used 6135K, committed 6336K, reserved 1048576K
}
Event: 16.292 GC heap after
{Heap after GC invocations=30 (full 0):
 garbage-first heap   total 137216K, used 80586K [0x0000000080000000, 0x0000000100000000)
  region size 1024K, 3 young (3072K), 3 survivors (3072K)
 Metaspace       used 46257K, committed 46720K, reserved 1089536K
  class space    used 6135K, committed 6336K, reserved 1048576K
}

