# JRE version: OpenJDK Runtime Environment (11.0.15) (build 11.0.15+0-b2043.56-9505619)
# Java VM: OpenJDK 64-Bit Server VM (11.0.15+0-b2043.56-9505619, mixed mode, tiered, compressed oops, g1 gc, windows-amd64)
Heap:
 garbage-first heap   total 561152K, used 305753K [0x0000000080000000, 0x0000000100000000)
  region size 1024K, 23 young (23552K), 17 survivors (17408K)
 Metaspace       used 122963K, capacity 126707K, committed 126984K, reserved 1159168K
  class space    used 15577K, capacity 17035K, committed 17080K, reserved 1048576K
GC Heap History (20 events):
Event: 247.851 GC heap before
{Heap before GC invocations=117 (full 0):
 garbage-first heap   total 496640K, used 430636K [0x0000000080000000, 0x0000000100000000)
  region size 1024K, 211 young (216064K), 11 survivors (11264K)
 Metaspace       used 121503K, capacity 125214K, committed 125320K, reserved 1157120K
  class space    used 15432K, capacity 16850K, committed 16952K, reserved 1048576K
}
Event: 247.911 GC heap after
{Heap after GC invocations=118 (full 0):
 garbage-first heap   total 496640K, used 234088K [0x0000000080000000, 0x0000000100000000)
  region size 1024K, 19 young (19456K), 19 survivors (19456K)
 Metaspace       used 121503K, capacity 125214K, committed 125320K, reserved 1157120K
  class space    used 15432K, capacity 16850K, committed 16952K, reserved 1048576K
}
Event: 248.989 GC heap before
{Heap before GC invocations=118 (full 0):
 garbage-first heap   total 496640K, used 425576K [0x0000000080000000, 0x0000000100000000)
  region size 1024K, 206 young (210944K), 19 survivors (19456K)
 Metaspace       used 121506K, capacity 125215K, committed 125320K, reserved 1157120K
  class space    used 15432K, capacity 16850K, committed 16952K, reserved 1048576K
}
Event: 249.042 GC heap after
{Heap after GC invocations=119 (full 0):
 garbage-first heap   total 496640K, used 228399K [0x0000000080000000, 0x0000000100000000)
  region size 1024K, 7 young (7168K), 7 survivors (7168K)
 Metaspace       used 121506K, capacity 125215K, committed 125320K, reserved 1157120K
  class space    used 15432K, capacity 16850K, committed 16952K, reserved 1048576K
}
Event: 255.343 GC heap before
{Heap before GC invocations=119 (full 0):
 garbage-first heap   total 496640K, used 428079K [0x0000000080000000, 0x0000000100000000)
  region size 1024K, 203 young (207872K), 7 survivors (7168K)
 Metaspace       used 121514K, capacity 125217K, committed 125320K, reserved 1157120K
  class space    used 15432K, capacity 16850K, committed 16952K, reserved 1048576K
}
Event: 255.407 GC heap after
{Heap after GC invocations=120 (full 0):
 garbage-first heap   total 496640K, used 246319K [0x0000000080000000, 0x0000000100000000)
  region size 1024K, 24 young (24576K), 24 survivors (24576K)
 Metaspace       used 121514K, capacity 125217K, committed 125320K, reserved 1157120K
  class space    used 15432K, capacity 16850K, committed 16952K, reserved 1048576K
}
Event: 256.069 GC heap before
{Heap before GC invocations=120 (full 0):
 garbage-first heap   total 496640K, used 420399K [0x0000000080000000, 0x0000000100000000)
  region size 1024K, 194 young (198656K), 24 survivors (24576K)
 Metaspace       used 121522K, capacity 125217K, committed 125320K, reserved 1157120K
  class space    used 15432K, capacity 16850K, committed 16952K, reserved 1048576K
}
Event: 256.153 GC heap after
{Heap after GC invocations=121 (full 0):
 garbage-first heap   total 561152K, used 253804K [0x0000000080000000, 0x0000000100000000)
  region size 1024K, 12 young (12288K), 12 survivors (12288K)
 Metaspace       used 121522K, capacity 125217K, committed 125320K, reserved 1157120K
  class space    used 15432K, capacity 16850K, committed 16952K, reserved 1048576K
}
Event: 257.174 GC heap before
{Heap before GC invocations=121 (full 0):
 garbage-first heap   total 561152K, used 456556K [0x0000000080000000, 0x0000000100000000)
  region size 1024K, 210 young (215040K), 12 survivors (12288K)
 Metaspace       used 121527K, capacity 125219K, committed 125576K, reserved 1159168K
  class space    used 15432K, capacity 16850K, committed 16952K, reserved 1048576K
}
Event: 257.218 GC heap after
{Heap after GC invocations=122 (full 0):
 garbage-first heap   total 561152K, used 254828K [0x0000000080000000, 0x0000000100000000)
  region size 1024K, 13 young (13312K), 13 survivors (13312K)
 Metaspace       used 121527K, capacity 125219K, committed 125576K, reserved 1159168K
  class space    used 15432K, capacity 16850K, committed 16952K, reserved 1048576K
}
Event: 258.222 GC heap before
{Heap before GC invocations=122 (full 0):
 garbage-first heap   total 561152K, used 460652K [0x0000000080000000, 0x0000000100000000)
  region size 1024K, 214 young (219136K), 13 survivors (13312K)
 Metaspace       used 121532K, capacity 125219K, committed 125576K, reserved 1159168K
  class space    used 15432K, capacity 16850K, committed 16952K, reserved 1048576K
}
Event: 258.262 GC heap after
{Heap after GC invocations=123 (full 0):
 garbage-first heap   total 561152K, used 255852K [0x0000000080000000, 0x0000000100000000)
  region size 1024K, 14 young (14336K), 14 survivors (14336K)
 Metaspace       used 121532K, capacity 125219K, committed 125576K, reserved 1159168K
  class space    used 15432K, capacity 16850K, committed 16952K, reserved 1048576K
}
Event: 259.836 GC heap before
{Heap before GC invocations=123 (full 0):
 garbage-first heap   total 561152K, used 465772K [0x0000000080000000, 0x0000000100000000)
  region size 1024K, 219 young (224256K), 14 survivors (14336K)
 Metaspace       used 121557K, capacity 125221K, committed 125576K, reserved 1159168K
  class space    used 15434K, capacity 16850K, committed 16952K, reserved 1048576K
}
Event: 259.877 GC heap after
{Heap after GC invocations=124 (full 0):
 garbage-first heap   total 561152K, used 256876K [0x0000000080000000, 0x0000000100000000)
  region size 1024K, 15 young (15360K), 15 survivors (15360K)
 Metaspace       used 121557K, capacity 125221K, committed 125576K, reserved 1159168K
  class space    used 15434K, capacity 16850K, committed 16952K, reserved 1048576K
}
Event: 262.688 GC heap before
{Heap before GC invocations=124 (full 0):
 garbage-first heap   total 561152K, used 468844K [0x0000000080000000, 0x0000000100000000)
  region size 1024K, 223 young (228352K), 15 survivors (15360K)
 Metaspace       used 121569K, capacity 125222K, committed 125576K, reserved 1159168K
  class space    used 15434K, capacity 16850K, committed 16952K, reserved 1048576K
}
Event: 262.733 GC heap after
{Heap after GC invocations=125 (full 0):
 garbage-first heap   total 561152K, used 256646K [0x0000000080000000, 0x0000000100000000)
  region size 1024K, 4 young (4096K), 4 survivors (4096K)
 Metaspace       used 121569K, capacity 125222K, committed 125576K, reserved 1159168K
  class space    used 15434K, capacity 16850K, committed 16952K, reserved 1048576K
}
Event: 266.267 GC heap before
{Heap before GC invocations=125 (full 0):
 garbage-first heap   total 561152K, used 473734K [0x0000000080000000, 0x0000000100000000)
  region size 1024K, 216 young (221184K), 4 survivors (4096K)
 Metaspace       used 121574K, capacity 125223K, committed 125576K, reserved 1159168K
  class space    used 15434K, capacity 16850K, committed 16952K, reserved 1048576K
}
Event: 266.288 GC heap after
{Heap after GC invocations=126 (full 0):
 garbage-first heap   total 561152K, used 258182K [0x0000000080000000, 0x0000000100000000)
  region size 1024K, 5 young (5120K), 5 survivors (5120K)
 Metaspace       used 121574K, capacity 125223K, committed 125576K, reserved 1159168K
  class space    used 15434K, capacity 16850K, committed 16952K, reserved 1048576K
}
Event: 270.994 GC heap before
{Heap before GC invocations=126 (full 0):
 garbage-first heap   total 561152K, used 477318K [0x0000000080000000, 0x0000000100000000)
  region size 1024K, 219 young (224256K), 5 survivors (5120K)
 Metaspace       used 121581K, capacity 125224K, committed 125576K, reserved 1159168K
  class space    used 15434K, capacity 16850K, committed 16952K, reserved 1048576K
}
Event: 271.019 GC heap after
{Heap after GC invocations=127 (full 0):
 garbage-first heap   total 561152K, used 259114K [0x0000000080000000, 0x0000000100000000)
  region size 1024K, 6 young (6144K), 6 survivors (6144K)
 Metaspace       used 121581K, capacity 125224K, committed 125576K, reserved 1159168K
  class space    used 15434K, capacity 16850K, committed 16952K, reserved 1048576K
}

