# JRE version: OpenJDK Runtime Environment (17.0.6) (build 17.0.6+0-b2043.56-9586694)
# Java VM: OpenJDK 64-Bit Server VM (17.0.6+0-b2043.56-9586694, mixed mode, tiered, compressed oops, compressed class ptrs, g1 gc, windows-amd64)
GC Precious Log:
 CPUs: 2 total, 2 available
 Memory: 8057M
 Large Page Support: Disabled
 NUMA Support: Disabled
 Compressed Oops: Enabled (32-bit)
 Heap Region Size: 1M
 Heap Min Capacity: 8M
 Heap Initial Capacity: 126M
 Heap Max Capacity: 2G
 Pre-touch: Disabled
 Parallel Workers: 2
 Concurrent Workers: 1
 Concurrent Refinement Workers: 2
 Periodic GC: Disabled
Heap:
 garbage-first heap   total 275456K, used 121965K [0x0000000080000000, 0x0000000100000000)
  region size 1024K, 2 young (2048K), 2 survivors (2048K)
 Metaspace       used 53031K, committed 53504K, reserved 1097728K
  class space    used 6995K, committed 7232K, reserved 1048576K
GC Heap History (20 events):
Event: 102.934 GC heap after
{Heap after GC invocations=96 (full 0):
 garbage-first heap   total 275456K, used 129274K [0x0000000080000000, 0x0000000100000000)
  region size 1024K, 8 young (8192K), 8 survivors (8192K)
 Metaspace       used 53047K, committed 53504K, reserved 1097728K
  class space    used 7001K, committed 7232K, reserved 1048576K
}
Event: 106.265 GC heap before
{Heap before GC invocations=96 (full 0):
 garbage-first heap   total 275456K, used 241914K [0x0000000080000000, 0x0000000100000000)
  region size 1024K, 115 young (117760K), 8 survivors (8192K)
 Metaspace       used 53050K, committed 53504K, reserved 1097728K
  class space    used 7001K, committed 7232K, reserved 1048576K
}
Event: 106.281 GC heap after
{Heap after GC invocations=97 (full 0):
 garbage-first heap   total 275456K, used 133882K [0x0000000080000000, 0x0000000100000000)
  region size 1024K, 10 young (10240K), 10 survivors (10240K)
 Metaspace       used 53050K, committed 53504K, reserved 1097728K
  class space    used 7001K, committed 7232K, reserved 1048576K
}
Event: 107.321 GC heap before
{Heap before GC invocations=97 (full 0):
 garbage-first heap   total 275456K, used 236282K [0x0000000080000000, 0x0000000100000000)
  region size 1024K, 110 young (112640K), 10 survivors (10240K)
 Metaspace       used 53050K, committed 53504K, reserved 1097728K
  class space    used 7001K, committed 7232K, reserved 1048576K
}
Event: 107.338 GC heap after
{Heap after GC invocations=98 (full 0):
 garbage-first heap   total 275456K, used 134750K [0x0000000080000000, 0x0000000100000000)
  region size 1024K, 9 young (9216K), 9 survivors (9216K)
 Metaspace       used 53050K, committed 53504K, reserved 1097728K
  class space    used 7001K, committed 7232K, reserved 1048576K
}
Event: 109.834 GC heap before
{Heap before GC invocations=99 (full 0):
 garbage-first heap   total 275456K, used 224862K [0x0000000080000000, 0x0000000100000000)
  region size 1024K, 109 young (111616K), 9 survivors (9216K)
 Metaspace       used 53031K, committed 53504K, reserved 1097728K
  class space    used 6995K, committed 7232K, reserved 1048576K
}
Event: 109.846 GC heap after
{Heap after GC invocations=100 (full 0):
 garbage-first heap   total 275456K, used 122966K [0x0000000080000000, 0x0000000100000000)
  region size 1024K, 8 young (8192K), 8 survivors (8192K)
 Metaspace       used 53031K, committed 53504K, reserved 1097728K
  class space    used 6995K, committed 7232K, reserved 1048576K
}
Event: 109.867 GC heap before
{Heap before GC invocations=100 (full 0):
 garbage-first heap   total 275456K, used 128086K [0x0000000080000000, 0x0000000100000000)
  region size 1024K, 13 young (13312K), 8 survivors (8192K)
 Metaspace       used 53031K, committed 53504K, reserved 1097728K
  class space    used 6995K, committed 7232K, reserved 1048576K
}
Event: 109.887 GC heap after
{Heap after GC invocations=101 (full 0):
 garbage-first heap   total 275456K, used 119769K [0x0000000080000000, 0x0000000100000000)
  region size 1024K, 1 young (1024K), 1 survivors (1024K)
 Metaspace       used 53031K, committed 53504K, reserved 1097728K
  class space    used 6995K, committed 7232K, reserved 1048576K
}
Event: 110.922 GC heap before
{Heap before GC invocations=101 (full 0):
 garbage-first heap   total 275456K, used 239577K [0x0000000080000000, 0x0000000100000000)
  region size 1024K, 118 young (120832K), 1 survivors (1024K)
 Metaspace       used 53031K, committed 53504K, reserved 1097728K
  class space    used 6995K, committed 7232K, reserved 1048576K
}
Event: 110.932 GC heap after
{Heap after GC invocations=102 (full 0):
 garbage-first heap   total 275456K, used 120701K [0x0000000080000000, 0x0000000100000000)
  region size 1024K, 2 young (2048K), 2 survivors (2048K)
 Metaspace       used 53031K, committed 53504K, reserved 1097728K
  class space    used 6995K, committed 7232K, reserved 1048576K
}
Event: 112.600 GC heap before
{Heap before GC invocations=102 (full 0):
 garbage-first heap   total 275456K, used 240509K [0x0000000080000000, 0x0000000100000000)
  region size 1024K, 119 young (121856K), 2 survivors (2048K)
 Metaspace       used 53031K, committed 53504K, reserved 1097728K
  class space    used 6995K, committed 7232K, reserved 1048576K
}
Event: 112.604 GC heap after
{Heap after GC invocations=103 (full 0):
 garbage-first heap   total 275456K, used 121305K [0x0000000080000000, 0x0000000100000000)
  region size 1024K, 2 young (2048K), 2 survivors (2048K)
 Metaspace       used 53031K, committed 53504K, reserved 1097728K
  class space    used 6995K, committed 7232K, reserved 1048576K
}
Event: 112.868 GC heap before
{Heap before GC invocations=103 (full 0):
 garbage-first heap   total 275456K, used 165337K [0x0000000080000000, 0x0000000100000000)
  region size 1024K, 46 young (47104K), 2 survivors (2048K)
 Metaspace       used 53031K, committed 53504K, reserved 1097728K
  class space    used 6995K, committed 7232K, reserved 1048576K
}
Event: 112.874 GC heap after
{Heap after GC invocations=104 (full 0):
 garbage-first heap   total 275456K, used 122051K [0x0000000080000000, 0x0000000100000000)
  region size 1024K, 3 young (3072K), 3 survivors (3072K)
 Metaspace       used 53031K, committed 53504K, reserved 1097728K
  class space    used 6995K, committed 7232K, reserved 1048576K
}
Event: 116.788 GC heap before
{Heap before GC invocations=105 (full 0):
 garbage-first heap   total 275456K, used 238787K [0x0000000080000000, 0x0000000100000000)
  region size 1024K, 116 young (118784K), 3 survivors (3072K)
 Metaspace       used 53031K, committed 53504K, reserved 1097728K
  class space    used 6995K, committed 7232K, reserved 1048576K
}
Event: 116.796 GC heap after
{Heap after GC invocations=106 (full 0):
 garbage-first heap   total 275456K, used 123353K [0x0000000080000000, 0x0000000100000000)
  region size 1024K, 4 young (4096K), 4 survivors (4096K)
 Metaspace       used 53031K, committed 53504K, reserved 1097728K
  class space    used 6995K, committed 7232K, reserved 1048576K
}
Event: 116.851 GC heap before
{Heap before GC invocations=106 (full 0):
 garbage-first heap   total 275456K, used 132569K [0x0000000080000000, 0x0000000100000000)
  region size 1024K, 13 young (13312K), 4 survivors (4096K)
 Metaspace       used 53031K, committed 53504K, reserved 1097728K
  class space    used 6995K, committed 7232K, reserved 1048576K
}
Event: 116.858 GC heap after
{Heap after GC invocations=107 (full 0):
 garbage-first heap   total 275456K, used 121270K [0x0000000080000000, 0x0000000100000000)
  region size 1024K, 1 young (1024K), 1 survivors (1024K)
 Metaspace       used 53031K, committed 53504K, reserved 1097728K
  class space    used 6995K, committed 7232K, reserved 1048576K
}
Event: 120.479 GC heap before
{Heap before GC invocations=107 (full 0):
 garbage-first heap   total 275456K, used 241078K [0x0000000080000000, 0x0000000100000000)
  region size 1024K, 116 young (118784K), 1 survivors (1024K)
 Metaspace       used 53031K, committed 53504K, reserved 1097728K
  class space    used 6995K, committed 7232K, reserved 1048576K
}

