# JRE version: OpenJDK Runtime Environment (11.0.15) (build 11.0.15+0-b2043.56-9505619)
# Java VM: OpenJDK 64-Bit Server VM (11.0.15+0-b2043.56-9505619, mixed mode, tiered, compressed oops, g1 gc, windows-amd64)
Heap:
 garbage-first heap   total 396288K, used 328001K [0x0000000080000000, 0x0000000100000000)
  region size 1024K, 48 young (49152K), 3 survivors (3072K)
 Metaspace       used 170098K, capacity 175250K, committed 175408K, reserved 1202176K
  class space    used 20744K, capacity 22627K, committed 22656K, reserved 1048576K
GC Heap History (20 events):
Event: 797.857 GC heap before
{Heap before GC invocations=249 (full 0):
 garbage-first heap   total 396288K, used 345330K [0x0000000080000000, 0x0000000100000000)
  region size 1024K, 70 young (71680K), 8 survivors (8192K)
 Metaspace       used 168821K, capacity 173823K, committed 174000K, reserved 1200128K
  class space    used 20563K, capacity 22418K, committed 22528K, reserved 1048576K
}
Event: 797.875 GC heap after
{Heap after GC invocations=250 (full 0):
 garbage-first heap   total 396288K, used 281400K [0x0000000080000000, 0x0000000100000000)
  region size 1024K, 1 young (1024K), 1 survivors (1024K)
 Metaspace       used 168821K, capacity 173823K, committed 174000K, reserved 1200128K
  class space    used 20563K, capacity 22418K, committed 22528K, reserved 1048576K
}
Event: 799.500 GC heap before
{Heap before GC invocations=250 (full 0):
 garbage-first heap   total 396288K, used 345912K [0x0000000080000000, 0x0000000100000000)
  region size 1024K, 64 young (65536K), 1 survivors (1024K)
 Metaspace       used 168861K, capacity 173826K, committed 174000K, reserved 1200128K
  class space    used 20567K, capacity 22419K, committed 22528K, reserved 1048576K
}
Event: 799.508 GC heap after
{Heap after GC invocations=251 (full 0):
 garbage-first heap   total 396288K, used 281136K [0x0000000080000000, 0x0000000100000000)
  region size 1024K, 1 young (1024K), 1 survivors (1024K)
 Metaspace       used 168861K, capacity 173826K, committed 174000K, reserved 1200128K
  class space    used 20567K, capacity 22419K, committed 22528K, reserved 1048576K
}
Event: 800.445 GC heap before
{Heap before GC invocations=251 (full 0):
 garbage-first heap   total 396288K, used 346672K [0x0000000080000000, 0x0000000100000000)
  region size 1024K, 65 young (66560K), 1 survivors (1024K)
 Metaspace       used 169249K, capacity 174297K, committed 174512K, reserved 1202176K
  class space    used 20634K, capacity 22510K, committed 22528K, reserved 1048576K
}
Event: 800.455 GC heap after
{Heap after GC invocations=252 (full 0):
 garbage-first heap   total 396288K, used 282962K [0x0000000080000000, 0x0000000100000000)
  region size 1024K, 3 young (3072K), 3 survivors (3072K)
 Metaspace       used 169249K, capacity 174297K, committed 174512K, reserved 1202176K
  class space    used 20634K, capacity 22510K, committed 22528K, reserved 1048576K
}
Event: 800.976 GC heap before
{Heap before GC invocations=252 (full 0):
 garbage-first heap   total 396288K, used 348498K [0x0000000080000000, 0x0000000100000000)
  region size 1024K, 66 young (67584K), 3 survivors (3072K)
 Metaspace       used 169278K, capacity 174302K, committed 174512K, reserved 1202176K
  class space    used 20634K, capacity 22511K, committed 22528K, reserved 1048576K
}
Event: 800.982 GC heap after
{Heap after GC invocations=253 (full 0):
 garbage-first heap   total 396288K, used 282424K [0x0000000080000000, 0x0000000100000000)
  region size 1024K, 2 young (2048K), 2 survivors (2048K)
 Metaspace       used 169278K, capacity 174302K, committed 174512K, reserved 1202176K
  class space    used 20634K, capacity 22511K, committed 22528K, reserved 1048576K
}
Event: 801.948 GC heap before
{Heap before GC invocations=253 (full 0):
 garbage-first heap   total 396288K, used 347960K [0x0000000080000000, 0x0000000100000000)
  region size 1024K, 66 young (67584K), 2 survivors (2048K)
 Metaspace       used 169423K, capacity 174433K, committed 174640K, reserved 1202176K
  class space    used 20657K, capacity 22531K, committed 22656K, reserved 1048576K
}
Event: 801.964 GC heap after
{Heap after GC invocations=254 (full 0):
 garbage-first heap   total 396288K, used 285686K [0x0000000080000000, 0x0000000100000000)
  region size 1024K, 6 young (6144K), 6 survivors (6144K)
 Metaspace       used 169423K, capacity 174433K, committed 174640K, reserved 1202176K
  class space    used 20657K, capacity 22531K, committed 22656K, reserved 1048576K
}
Event: 803.558 GC heap before
{Heap before GC invocations=254 (full 0):
 garbage-first heap   total 396288K, used 347126K [0x0000000080000000, 0x0000000100000000)
  region size 1024K, 66 young (67584K), 6 survivors (6144K)
 Metaspace       used 169509K, capacity 174567K, committed 174896K, reserved 1202176K
  class space    used 20669K, capacity 22533K, committed 22656K, reserved 1048576K
}
Event: 803.572 GC heap after
{Heap after GC invocations=255 (full 0):
 garbage-first heap   total 396288K, used 285535K [0x0000000080000000, 0x0000000100000000)
  region size 1024K, 4 young (4096K), 4 survivors (4096K)
 Metaspace       used 169509K, capacity 174567K, committed 174896K, reserved 1202176K
  class space    used 20669K, capacity 22533K, committed 22656K, reserved 1048576K
}
Event: 804.702 GC heap before
{Heap before GC invocations=255 (full 0):
 garbage-first heap   total 396288K, used 347999K [0x0000000080000000, 0x0000000100000000)
  region size 1024K, 65 young (66560K), 4 survivors (4096K)
 Metaspace       used 169567K, capacity 174640K, committed 174896K, reserved 1202176K
  class space    used 20678K, capacity 22536K, committed 22656K, reserved 1048576K
}
Event: 804.711 GC heap after
{Heap after GC invocations=256 (full 0):
 garbage-first heap   total 396288K, used 285440K [0x0000000080000000, 0x0000000100000000)
  region size 1024K, 4 young (4096K), 4 survivors (4096K)
 Metaspace       used 169567K, capacity 174640K, committed 174896K, reserved 1202176K
  class space    used 20678K, capacity 22536K, committed 22656K, reserved 1048576K
}
Event: 805.815 GC heap before
{Heap before GC invocations=256 (full 0):
 garbage-first heap   total 396288K, used 348928K [0x0000000080000000, 0x0000000100000000)
  region size 1024K, 66 young (67584K), 4 survivors (4096K)
 Metaspace       used 169579K, capacity 174641K, committed 174896K, reserved 1202176K
  class space    used 20678K, capacity 22536K, committed 22656K, reserved 1048576K
}
Event: 805.827 GC heap after
{Heap after GC invocations=257 (full 0):
 garbage-first heap   total 396288K, used 285038K [0x0000000080000000, 0x0000000100000000)
  region size 1024K, 4 young (4096K), 4 survivors (4096K)
 Metaspace       used 169579K, capacity 174641K, committed 174896K, reserved 1202176K
  class space    used 20678K, capacity 22536K, committed 22656K, reserved 1048576K
}
Event: 808.654 GC heap before
{Heap before GC invocations=257 (full 0):
 garbage-first heap   total 396288K, used 349550K [0x0000000080000000, 0x0000000100000000)
  region size 1024K, 66 young (67584K), 4 survivors (4096K)
 Metaspace       used 169825K, capacity 174911K, committed 175152K, reserved 1202176K
  class space    used 20711K, capacity 22582K, committed 22656K, reserved 1048576K
}
Event: 808.663 GC heap after
{Heap after GC invocations=258 (full 0):
 garbage-first heap   total 396288K, used 284698K [0x0000000080000000, 0x0000000100000000)
  region size 1024K, 3 young (3072K), 3 survivors (3072K)
 Metaspace       used 169825K, capacity 174911K, committed 175152K, reserved 1202176K
  class space    used 20711K, capacity 22582K, committed 22656K, reserved 1048576K
}
Event: 813.609 GC heap before
{Heap before GC invocations=258 (full 0):
 garbage-first heap   total 396288K, used 349210K [0x0000000080000000, 0x0000000100000000)
  region size 1024K, 66 young (67584K), 3 survivors (3072K)
 Metaspace       used 169990K, capacity 175097K, committed 175152K, reserved 1202176K
  class space    used 20734K, capacity 22622K, committed 22656K, reserved 1048576K
}
Event: 813.616 GC heap after
{Heap after GC invocations=259 (full 0):
 garbage-first heap   total 396288K, used 283969K [0x0000000080000000, 0x0000000100000000)
  region size 1024K, 3 young (3072K), 3 survivors (3072K)
 Metaspace       used 169990K, capacity 175097K, committed 175152K, reserved 1202176K
  class space    used 20734K, capacity 22622K, committed 22656K, reserved 1048576K
}

