# JRE version: OpenJDK Runtime Environment (17.0.6) (build 17.0.6+0-b2043.56-9586694)
# Java VM: OpenJDK 64-Bit Server VM (17.0.6+0-b2043.56-9586694, mixed mode, tiered, compressed oops, compressed class ptrs, g1 gc, windows-amd64)
GC Precious Log:
 CPUs: 2 total, 2 available
 Memory: 8057M
 Large Page Support: Disabled
 NUMA Support: Disabled
 Compressed Oops: Enabled (32-bit)
 Heap Region Size: 1M
 Heap Min Capacity: 8M
 Heap Initial Capacity: 126M
 Heap Max Capacity: 2G
 Pre-touch: Disabled
 Parallel Workers: 2
 Concurrent Workers: 1
 Concurrent Refinement Workers: 2
 Periodic GC: Disabled
Heap:
 garbage-first heap   total 301056K, used 188681K [0x0000000080000000, 0x0000000100000000)
  region size 1024K, 10 young (10240K), 5 survivors (5120K)
 Metaspace       used 95579K, committed 96256K, reserved 1138688K
  class space    used 12827K, committed 13120K, reserved 1048576K
GC Heap History (20 events):
Event: 57.550 GC heap before
{Heap before GC invocations=42 (full 0):
 garbage-first heap   total 176128K, used 152911K [0x0000000080000000, 0x0000000100000000)
  region size 1024K, 16 young (16384K), 2 survivors (2048K)
 Metaspace       used 86151K, committed 86848K, reserved 1130496K
  class space    used 11588K, committed 11904K, reserved 1048576K
}
Event: 57.558 GC heap after
{Heap after GC invocations=43 (full 0):
 garbage-first heap   total 176128K, used 140711K [0x0000000080000000, 0x0000000100000000)
  region size 1024K, 2 young (2048K), 2 survivors (2048K)
 Metaspace       used 86151K, committed 86848K, reserved 1130496K
  class space    used 11588K, committed 11904K, reserved 1048576K
}
Event: 58.856 GC heap before
{Heap before GC invocations=43 (full 0):
 garbage-first heap   total 176128K, used 154023K [0x0000000080000000, 0x0000000100000000)
  region size 1024K, 15 young (15360K), 2 survivors (2048K)
 Metaspace       used 87521K, committed 88192K, reserved 1130496K
  class space    used 11787K, committed 12096K, reserved 1048576K
}
Event: 58.875 GC heap after
{Heap after GC invocations=44 (full 0):
 garbage-first heap   total 176128K, used 141557K [0x0000000080000000, 0x0000000100000000)
  region size 1024K, 1 young (1024K), 1 survivors (1024K)
 Metaspace       used 87521K, committed 88192K, reserved 1130496K
  class space    used 11787K, committed 12096K, reserved 1048576K
}
Event: 60.090 GC heap before
{Heap before GC invocations=44 (full 0):
 garbage-first heap   total 176128K, used 153845K [0x0000000080000000, 0x0000000100000000)
  region size 1024K, 13 young (13312K), 1 survivors (1024K)
 Metaspace       used 88774K, committed 89472K, reserved 1130496K
  class space    used 11971K, committed 12288K, reserved 1048576K
}
Event: 60.097 GC heap after
{Heap after GC invocations=45 (full 0):
 garbage-first heap   total 176128K, used 142464K [0x0000000080000000, 0x0000000100000000)
  region size 1024K, 2 young (2048K), 2 survivors (2048K)
 Metaspace       used 88774K, committed 89472K, reserved 1130496K
  class space    used 11971K, committed 12288K, reserved 1048576K
}
Event: 61.085 GC heap before
{Heap before GC invocations=45 (full 0):
 garbage-first heap   total 176128K, used 152704K [0x0000000080000000, 0x0000000100000000)
  region size 1024K, 13 young (13312K), 2 survivors (2048K)
 Metaspace       used 89605K, committed 90304K, reserved 1130496K
  class space    used 12071K, committed 12352K, reserved 1048576K
}
Event: 61.097 GC heap after
{Heap after GC invocations=46 (full 0):
 garbage-first heap   total 176128K, used 144867K [0x0000000080000000, 0x0000000100000000)
  region size 1024K, 2 young (2048K), 2 survivors (2048K)
 Metaspace       used 89605K, committed 90304K, reserved 1130496K
  class space    used 12071K, committed 12352K, reserved 1048576K
}
Event: 61.946 GC heap before
{Heap before GC invocations=46 (full 0):
 garbage-first heap   total 176128K, used 152035K [0x0000000080000000, 0x0000000100000000)
  region size 1024K, 10 young (10240K), 2 survivors (2048K)
 Metaspace       used 90803K, committed 91520K, reserved 1130496K
  class space    used 12132K, committed 12416K, reserved 1048576K
}
Event: 61.957 GC heap after
{Heap after GC invocations=47 (full 0):
 garbage-first heap   total 176128K, used 146281K [0x0000000080000000, 0x0000000100000000)
  region size 1024K, 2 young (2048K), 2 survivors (2048K)
 Metaspace       used 90803K, committed 91520K, reserved 1130496K
  class space    used 12132K, committed 12416K, reserved 1048576K
}
Event: 62.595 GC heap before
{Heap before GC invocations=47 (full 0):
 garbage-first heap   total 176128K, used 155497K [0x0000000080000000, 0x0000000100000000)
  region size 1024K, 7 young (7168K), 2 survivors (2048K)
 Metaspace       used 91621K, committed 92352K, reserved 1130496K
  class space    used 12244K, committed 12544K, reserved 1048576K
}
Event: 62.602 GC heap after
{Heap after GC invocations=48 (full 0):
 garbage-first heap   total 176128K, used 152576K [0x0000000080000000, 0x0000000100000000)
  region size 1024K, 1 young (1024K), 1 survivors (1024K)
 Metaspace       used 91621K, committed 92352K, reserved 1130496K
  class space    used 12244K, committed 12544K, reserved 1048576K
}
Event: 62.619 GC heap before
{Heap before GC invocations=48 (full 0):
 garbage-first heap   total 176128K, used 155648K [0x0000000080000000, 0x0000000100000000)
  region size 1024K, 2 young (2048K), 1 survivors (1024K)
 Metaspace       used 91622K, committed 92352K, reserved 1130496K
  class space    used 12244K, committed 12544K, reserved 1048576K
}
Event: 62.624 GC heap after
{Heap after GC invocations=49 (full 0):
 garbage-first heap   total 176128K, used 156374K [0x0000000080000000, 0x0000000100000000)
  region size 1024K, 1 young (1024K), 1 survivors (1024K)
 Metaspace       used 91622K, committed 92352K, reserved 1130496K
  class space    used 12244K, committed 12544K, reserved 1048576K
}
Event: 63.347 GC heap before
{Heap before GC invocations=50 (full 0):
 garbage-first heap   total 301056K, used 184022K [0x0000000080000000, 0x0000000100000000)
  region size 1024K, 8 young (8192K), 1 survivors (1024K)
 Metaspace       used 92266K, committed 92992K, reserved 1130496K
  class space    used 12358K, committed 12672K, reserved 1048576K
}
Event: 63.352 GC heap after
{Heap after GC invocations=51 (full 0):
 garbage-first heap   total 301056K, used 180988K [0x0000000080000000, 0x0000000100000000)
  region size 1024K, 1 young (1024K), 1 survivors (1024K)
 Metaspace       used 92266K, committed 92992K, reserved 1130496K
  class space    used 12358K, committed 12672K, reserved 1048576K
}
Event: 64.311 GC heap before
{Heap before GC invocations=51 (full 0):
 garbage-first heap   total 301056K, used 194300K [0x0000000080000000, 0x0000000100000000)
  region size 1024K, 14 young (14336K), 1 survivors (1024K)
 Metaspace       used 93084K, committed 93760K, reserved 1130496K
  class space    used 12498K, committed 12800K, reserved 1048576K
}
Event: 64.320 GC heap after
{Heap after GC invocations=52 (full 0):
 garbage-first heap   total 301056K, used 181967K [0x0000000080000000, 0x0000000100000000)
  region size 1024K, 2 young (2048K), 2 survivors (2048K)
 Metaspace       used 93084K, committed 93760K, reserved 1130496K
  class space    used 12498K, committed 12800K, reserved 1048576K
}
Event: 67.277 GC heap before
{Heap before GC invocations=52 (full 0):
 garbage-first heap   total 301056K, used 217807K [0x0000000080000000, 0x0000000100000000)
  region size 1024K, 38 young (38912K), 2 survivors (2048K)
 Metaspace       used 95296K, committed 96064K, reserved 1138688K
  class space    used 12792K, committed 13120K, reserved 1048576K
}
Event: 67.305 GC heap after
{Heap after GC invocations=53 (full 0):
 garbage-first heap   total 301056K, used 184585K [0x0000000080000000, 0x0000000100000000)
  region size 1024K, 5 young (5120K), 5 survivors (5120K)
 Metaspace       used 95296K, committed 96064K, reserved 1138688K
  class space    used 12792K, committed 13120K, reserved 1048576K
}

