# JRE version: OpenJDK Runtime Environment (17.0.6) (build 17.0.6+0-b2043.56-9586694)
# Java VM: OpenJDK 64-Bit Server VM (17.0.6+0-b2043.56-9586694, mixed mode, tiered, compressed oops, compressed class ptrs, g1 gc, windows-amd64)
GC Precious Log:
 CPUs: 2 total, 2 available
 Memory: 8057M
 Large Page Support: Disabled
 NUMA Support: Disabled
 Compressed Oops: Enabled (32-bit)
 Heap Region Size: 1M
 Heap Min Capacity: 8M
 Heap Initial Capacity: 126M
 Heap Max Capacity: 2G
 Pre-touch: Disabled
 Parallel Workers: 2
 Concurrent Workers: 1
 Concurrent Refinement Workers: 2
 Periodic GC: Disabled
Heap:
 garbage-first heap   total 150528K, used 83348K [0x0000000080000000, 0x0000000100000000)
  region size 1024K, 4 young (4096K), 4 survivors (4096K)
 Metaspace       used 47195K, committed 47680K, reserved 1097728K
  class space    used 6212K, committed 6400K, reserved 1048576K
GC Heap History (20 events):
Event: 17.868 GC heap after
{Heap after GC invocations=31 (full 0):
 garbage-first heap   total 137216K, used 76955K [0x0000000080000000, 0x0000000100000000)
  region size 1024K, 1 young (1024K), 1 survivors (1024K)
 Metaspace       used 46721K, committed 47168K, reserved 1097728K
  class space    used 6190K, committed 6400K, reserved 1048576K
}
Event: 18.038 GC heap before
{Heap before GC invocations=31 (full 0):
 garbage-first heap   total 137216K, used 81051K [0x0000000080000000, 0x0000000100000000)
  region size 1024K, 6 young (6144K), 1 survivors (1024K)
 Metaspace       used 46722K, committed 47168K, reserved 1097728K
  class space    used 6190K, committed 6400K, reserved 1048576K
}
Event: 18.041 GC heap after
{Heap after GC invocations=32 (full 0):
 garbage-first heap   total 137216K, used 64589K [0x0000000080000000, 0x0000000100000000)
  region size 1024K, 1 young (1024K), 1 survivors (1024K)
 Metaspace       used 46722K, committed 47168K, reserved 1097728K
  class space    used 6190K, committed 6400K, reserved 1048576K
}
Event: 18.136 GC heap before
{Heap before GC invocations=33 (full 0):
 garbage-first heap   total 137216K, used 67661K [0x0000000080000000, 0x0000000100000000)
  region size 1024K, 2 young (2048K), 1 survivors (1024K)
 Metaspace       used 46733K, committed 47232K, reserved 1097728K
  class space    used 6193K, committed 6400K, reserved 1048576K
}
Event: 18.139 GC heap after
{Heap after GC invocations=34 (full 0):
 garbage-first heap   total 137216K, used 68001K [0x0000000080000000, 0x0000000100000000)
  region size 1024K, 2 young (2048K), 2 survivors (2048K)
 Metaspace       used 46733K, committed 47232K, reserved 1097728K
  class space    used 6193K, committed 6400K, reserved 1048576K
}
Event: 19.161 GC heap before
{Heap before GC invocations=35 (full 0):
 garbage-first heap   total 138240K, used 114081K [0x0000000080000000, 0x0000000100000000)
  region size 1024K, 35 young (35840K), 2 survivors (2048K)
 Metaspace       used 47175K, committed 47552K, reserved 1097728K
  class space    used 6212K, committed 6400K, reserved 1048576K
}
Event: 19.165 GC heap after
{Heap after GC invocations=36 (full 0):
 garbage-first heap   total 138240K, used 80807K [0x0000000080000000, 0x0000000100000000)
  region size 1024K, 2 young (2048K), 2 survivors (2048K)
 Metaspace       used 47175K, committed 47552K, reserved 1097728K
  class space    used 6212K, committed 6400K, reserved 1048576K
}
Event: 19.502 GC heap before
{Heap before GC invocations=36 (full 0):
 garbage-first heap   total 138240K, used 109479K [0x0000000080000000, 0x0000000100000000)
  region size 1024K, 30 young (30720K), 2 survivors (2048K)
 Metaspace       used 47182K, committed 47552K, reserved 1097728K
  class space    used 6212K, committed 6400K, reserved 1048576K
}
Event: 19.506 GC heap after
{Heap after GC invocations=37 (full 0):
 garbage-first heap   total 138240K, used 81152K [0x0000000080000000, 0x0000000100000000)
  region size 1024K, 3 young (3072K), 3 survivors (3072K)
 Metaspace       used 47182K, committed 47552K, reserved 1097728K
  class space    used 6212K, committed 6400K, reserved 1048576K
}
Event: 19.930 GC heap before
{Heap before GC invocations=38 (full 0):
 garbage-first heap   total 150528K, used 110848K [0x0000000080000000, 0x0000000100000000)
  region size 1024K, 32 young (32768K), 3 survivors (3072K)
 Metaspace       used 47183K, committed 47552K, reserved 1097728K
  class space    used 6212K, committed 6400K, reserved 1048576K
}
Event: 19.934 GC heap after
{Heap after GC invocations=39 (full 0):
 garbage-first heap   total 150528K, used 81683K [0x0000000080000000, 0x0000000100000000)
  region size 1024K, 3 young (3072K), 3 survivors (3072K)
 Metaspace       used 47183K, committed 47552K, reserved 1097728K
  class space    used 6212K, committed 6400K, reserved 1048576K
}
Event: 20.309 GC heap before
{Heap before GC invocations=39 (full 0):
 garbage-first heap   total 150528K, used 120595K [0x0000000080000000, 0x0000000100000000)
  region size 1024K, 42 young (43008K), 3 survivors (3072K)
 Metaspace       used 47183K, committed 47552K, reserved 1097728K
  class space    used 6212K, committed 6400K, reserved 1048576K
}
Event: 20.313 GC heap after
{Heap after GC invocations=40 (full 0):
 garbage-first heap   total 150528K, used 81618K [0x0000000080000000, 0x0000000100000000)
  region size 1024K, 3 young (3072K), 3 survivors (3072K)
 Metaspace       used 47183K, committed 47552K, reserved 1097728K
  class space    used 6212K, committed 6400K, reserved 1048576K
}
Event: 20.838 GC heap before
{Heap before GC invocations=41 (full 0):
 garbage-first heap   total 150528K, used 123602K [0x0000000080000000, 0x0000000100000000)
  region size 1024K, 44 young (45056K), 3 survivors (3072K)
 Metaspace       used 47188K, committed 47616K, reserved 1097728K
  class space    used 6212K, committed 6400K, reserved 1048576K
}
Event: 20.843 GC heap after
{Heap after GC invocations=42 (full 0):
 garbage-first heap   total 150528K, used 82021K [0x0000000080000000, 0x0000000100000000)
  region size 1024K, 3 young (3072K), 3 survivors (3072K)
 Metaspace       used 47188K, committed 47616K, reserved 1097728K
  class space    used 6212K, committed 6400K, reserved 1048576K
}
Event: 21.227 GC heap before
{Heap before GC invocations=42 (full 0):
 garbage-first heap   total 150528K, used 125029K [0x0000000080000000, 0x0000000100000000)
  region size 1024K, 45 young (46080K), 3 survivors (3072K)
 Metaspace       used 47190K, committed 47616K, reserved 1097728K
  class space    used 6212K, committed 6400K, reserved 1048576K
}
Event: 21.233 GC heap after
{Heap after GC invocations=43 (full 0):
 garbage-first heap   total 150528K, used 82512K [0x0000000080000000, 0x0000000100000000)
  region size 1024K, 4 young (4096K), 4 survivors (4096K)
 Metaspace       used 47190K, committed 47616K, reserved 1097728K
  class space    used 6212K, committed 6400K, reserved 1048576K
}
Event: 21.659 GC heap before
{Heap before GC invocations=44 (full 0):
 garbage-first heap   total 150528K, used 125520K [0x0000000080000000, 0x0000000100000000)
  region size 1024K, 47 young (48128K), 4 survivors (4096K)
 Metaspace       used 47195K, committed 47680K, reserved 1097728K
  class space    used 6212K, committed 6400K, reserved 1048576K
}
Event: 21.665 GC heap after
{Heap after GC invocations=45 (full 0):
 garbage-first heap   total 150528K, used 82826K [0x0000000080000000, 0x0000000100000000)
  region size 1024K, 3 young (3072K), 3 survivors (3072K)
 Metaspace       used 47195K, committed 47680K, reserved 1097728K
  class space    used 6212K, committed 6400K, reserved 1048576K
}
Event: 21.986 GC heap before
{Heap before GC invocations=45 (full 0):
 garbage-first heap   total 150528K, used 127882K [0x0000000080000000, 0x0000000100000000)
  region size 1024K, 47 young (48128K), 3 survivors (3072K)
 Metaspace       used 47195K, committed 47680K, reserved 1097728K
  class space    used 6212K, committed 6400K, reserved 1048576K
}

