# JRE version: OpenJDK Runtime Environment (17.0.6) (build 17.0.6+0-b2043.56-9586694)
# Java VM: OpenJDK 64-Bit Server VM (17.0.6+0-b2043.56-9586694, mixed mode, tiered, compressed oops, compressed class ptrs, g1 gc, windows-amd64)
GC Precious Log:
 CPUs: 2 total, 2 available
 Memory: 8057M
 Large Page Support: Disabled
 NUMA Support: Disabled
 Compressed Oops: Enabled (32-bit)
 Heap Region Size: 1M
 Heap Min Capacity: 8M
 Heap Initial Capacity: 126M
 Heap Max Capacity: 2G
 Pre-touch: Disabled
 Parallel Workers: 2
 Concurrent Workers: 1
 Concurrent Refinement Workers: 2
 Periodic GC: Disabled
Heap:
 garbage-first heap   total 97280K, used 61852K [0x0000000080000000, 0x0000000100000000)
  region size 1024K, 7 young (7168K), 1 survivors (1024K)
 Metaspace       used 33849K, committed 34240K, reserved 1081344K
  class space    used 4673K, committed 4864K, reserved 1048576K
GC Heap History (20 events):
Event: 2.786 GC heap before
{Heap before GC invocations=3 (full 0):
 garbage-first heap   total 129024K, used 23425K [0x0000000080000000, 0x0000000100000000)
  region size 1024K, 15 young (15360K), 2 survivors (2048K)
 Metaspace       used 11168K, committed 11392K, reserved 1064960K
  class space    used 1159K, committed 1280K, reserved 1048576K
}
Event: 2.792 GC heap after
{Heap after GC invocations=4 (full 0):
 garbage-first heap   total 129024K, used 10638K [0x0000000080000000, 0x0000000100000000)
  region size 1024K, 1 young (1024K), 1 survivors (1024K)
 Metaspace       used 11168K, committed 11392K, reserved 1064960K
  class space    used 1159K, committed 1280K, reserved 1048576K
}
Event: 6.663 GC heap before
{Heap before GC invocations=4 (full 0):
 garbage-first heap   total 129024K, used 63886K [0x0000000080000000, 0x0000000100000000)
  region size 1024K, 53 young (54272K), 1 survivors (1024K)
 Metaspace       used 21285K, committed 21504K, reserved 1073152K
  class space    used 2559K, committed 2688K, reserved 1048576K
}
Event: 6.679 GC heap after
{Heap after GC invocations=5 (full 0):
 garbage-first heap   total 129024K, used 18036K [0x0000000080000000, 0x0000000100000000)
  region size 1024K, 8 young (8192K), 8 survivors (8192K)
 Metaspace       used 21285K, committed 21504K, reserved 1073152K
  class space    used 2559K, committed 2688K, reserved 1048576K
}
Event: 8.230 GC heap before
{Heap before GC invocations=6 (full 0):
 garbage-first heap   total 65536K, used 48756K [0x0000000080000000, 0x0000000100000000)
  region size 1024K, 38 young (38912K), 8 survivors (8192K)
 Metaspace       used 26204K, committed 26560K, reserved 1073152K
  class space    used 3415K, committed 3584K, reserved 1048576K
}
Event: 8.252 GC heap after
{Heap after GC invocations=7 (full 0):
 garbage-first heap   total 65536K, used 20757K [0x0000000080000000, 0x0000000100000000)
  region size 1024K, 3 young (3072K), 3 survivors (3072K)
 Metaspace       used 26204K, committed 26560K, reserved 1073152K
  class space    used 3415K, committed 3584K, reserved 1048576K
}
Event: 8.294 GC heap before
{Heap before GC invocations=7 (full 0):
 garbage-first heap   total 65536K, used 21781K [0x0000000080000000, 0x0000000100000000)
  region size 1024K, 4 young (4096K), 3 survivors (3072K)
 Metaspace       used 26301K, committed 26624K, reserved 1073152K
  class space    used 3434K, committed 3584K, reserved 1048576K
}
Event: 8.302 GC heap after
{Heap after GC invocations=8 (full 0):
 garbage-first heap   total 65536K, used 20917K [0x0000000080000000, 0x0000000100000000)
  region size 1024K, 1 young (1024K), 1 survivors (1024K)
 Metaspace       used 26301K, committed 26624K, reserved 1073152K
  class space    used 3434K, committed 3584K, reserved 1048576K
}
Event: 9.416 GC heap before
{Heap before GC invocations=8 (full 0):
 garbage-first heap   total 65536K, used 44469K [0x0000000080000000, 0x0000000100000000)
  region size 1024K, 20 young (20480K), 1 survivors (1024K)
 Metaspace       used 29359K, committed 29760K, reserved 1081344K
  class space    used 3960K, committed 4160K, reserved 1048576K
}
Event: 9.422 GC heap after
{Heap after GC invocations=9 (full 0):
 garbage-first heap   total 97280K, used 27727K [0x0000000080000000, 0x0000000100000000)
  region size 1024K, 3 young (3072K), 3 survivors (3072K)
 Metaspace       used 29359K, committed 29760K, reserved 1081344K
  class space    used 3960K, committed 4160K, reserved 1048576K
}
Event: 9.534 GC heap before
{Heap before GC invocations=9 (full 0):
 garbage-first heap   total 97280K, used 37967K [0x0000000080000000, 0x0000000100000000)
  region size 1024K, 5 young (5120K), 3 survivors (3072K)
 Metaspace       used 29443K, committed 29760K, reserved 1081344K
  class space    used 3971K, committed 4160K, reserved 1048576K
}
Event: 9.541 GC heap after
{Heap after GC invocations=10 (full 0):
 garbage-first heap   total 97280K, used 38225K [0x0000000080000000, 0x0000000100000000)
  region size 1024K, 4 young (4096K), 4 survivors (4096K)
 Metaspace       used 29443K, committed 29760K, reserved 1081344K
  class space    used 3971K, committed 4160K, reserved 1048576K
}
Event: 9.556 GC heap before
{Heap before GC invocations=10 (full 0):
 garbage-first heap   total 97280K, used 48465K [0x0000000080000000, 0x0000000100000000)
  region size 1024K, 4 young (4096K), 4 survivors (4096K)
 Metaspace       used 29443K, committed 29760K, reserved 1081344K
  class space    used 3971K, committed 4160K, reserved 1048576K
}
Event: 9.562 GC heap after
{Heap after GC invocations=11 (full 0):
 garbage-first heap   total 97280K, used 48755K [0x0000000080000000, 0x0000000100000000)
  region size 1024K, 2 young (2048K), 2 survivors (2048K)
 Metaspace       used 29443K, committed 29760K, reserved 1081344K
  class space    used 3971K, committed 4160K, reserved 1048576K
}
Event: 9.664 GC heap before
{Heap before GC invocations=12 (full 0):
 garbage-first heap   total 97280K, used 50803K [0x0000000080000000, 0x0000000100000000)
  region size 1024K, 3 young (3072K), 2 survivors (2048K)
 Metaspace       used 29453K, committed 29824K, reserved 1081344K
  class space    used 3971K, committed 4160K, reserved 1048576K
}
Event: 9.666 GC heap after
{Heap after GC invocations=13 (full 0):
 garbage-first heap   total 97280K, used 51499K [0x0000000080000000, 0x0000000100000000)
  region size 1024K, 3 young (3072K), 3 survivors (3072K)
 Metaspace       used 29453K, committed 29824K, reserved 1081344K
  class space    used 3971K, committed 4160K, reserved 1048576K
}
Event: 10.365 GC heap before
{Heap before GC invocations=14 (full 0):
 garbage-first heap   total 97280K, used 67883K [0x0000000080000000, 0x0000000100000000)
  region size 1024K, 17 young (17408K), 3 survivors (3072K)
 Metaspace       used 31289K, committed 31616K, reserved 1081344K
  class space    used 4272K, committed 4416K, reserved 1048576K
}
Event: 10.371 GC heap after
{Heap after GC invocations=15 (full 0):
 garbage-first heap   total 97280K, used 56139K [0x0000000080000000, 0x0000000100000000)
  region size 1024K, 3 young (3072K), 3 survivors (3072K)
 Metaspace       used 31289K, committed 31616K, reserved 1081344K
  class space    used 4272K, committed 4416K, reserved 1048576K
}
Event: 11.048 GC heap before
{Heap before GC invocations=15 (full 0):
 garbage-first heap   total 97280K, used 69451K [0x0000000080000000, 0x0000000100000000)
  region size 1024K, 16 young (16384K), 3 survivors (3072K)
 Metaspace       used 33124K, committed 33472K, reserved 1081344K
  class space    used 4561K, committed 4736K, reserved 1048576K
}
Event: 11.053 GC heap after
{Heap after GC invocations=16 (full 0):
 garbage-first heap   total 97280K, used 56732K [0x0000000080000000, 0x0000000100000000)
  region size 1024K, 1 young (1024K), 1 survivors (1024K)
 Metaspace       used 33124K, committed 33472K, reserved 1081344K
  class space    used 4561K, committed 4736K, reserved 1048576K
}

