# JRE version: OpenJDK Runtime Environment (17.0.6) (build 17.0.6+0-b2043.56-9586694)
# Java VM: OpenJDK 64-Bit Server VM (17.0.6+0-b2043.56-9586694, mixed mode, tiered, compressed oops, compressed class ptrs, g1 gc, windows-amd64)
GC Precious Log:
 CPUs: 2 total, 2 available
 Memory: 8057M
 Large Page Support: Disabled
 NUMA Support: Disabled
 Compressed Oops: Enabled (32-bit)
 Heap Region Size: 1M
 Heap Min Capacity: 8M
 Heap Initial Capacity: 126M
 Heap Max Capacity: 2G
 Pre-touch: Disabled
 Parallel Workers: 2
 Concurrent Workers: 1
 Concurrent Refinement Workers: 2
 Periodic GC: Disabled
Heap:
 garbage-first heap   total 143360K, used 83118K [0x0000000080000000, 0x0000000100000000)
  region size 1024K, 1 young (1024K), 1 survivors (1024K)
 Metaspace       used 47216K, committed 47616K, reserved 1097728K
  class space    used 6218K, committed 6400K, reserved 1048576K
GC Heap History (20 events):
Event: 14.731 GC heap after
{Heap after GC invocations=23 (full 0):
 garbage-first heap   total 121856K, used 79839K [0x0000000080000000, 0x0000000100000000)
  region size 1024K, 1 young (1024K), 1 survivors (1024K)
 Metaspace       used 46690K, committed 47104K, reserved 1097728K
  class space    used 6189K, committed 6400K, reserved 1048576K
}
Event: 14.782 GC heap before
{Heap before GC invocations=23 (full 0):
 garbage-first heap   total 121856K, used 103391K [0x0000000080000000, 0x0000000100000000)
  region size 1024K, 22 young (22528K), 1 survivors (1024K)
 Metaspace       used 46694K, committed 47104K, reserved 1097728K
  class space    used 6189K, committed 6400K, reserved 1048576K
}
Event: 14.784 GC heap after
{Heap after GC invocations=24 (full 0):
 garbage-first heap   total 121856K, used 78857K [0x0000000080000000, 0x0000000100000000)
  region size 1024K, 1 young (1024K), 1 survivors (1024K)
 Metaspace       used 46694K, committed 47104K, reserved 1097728K
  class space    used 6189K, committed 6400K, reserved 1048576K
}
Event: 15.482 GC heap before
{Heap before GC invocations=25 (full 0):
 garbage-first heap   total 143360K, used 115721K [0x0000000080000000, 0x0000000100000000)
  region size 1024K, 23 young (23552K), 1 survivors (1024K)
 Metaspace       used 47122K, committed 47488K, reserved 1097728K
  class space    used 6210K, committed 6400K, reserved 1048576K
}
Event: 15.485 GC heap after
{Heap after GC invocations=26 (full 0):
 garbage-first heap   total 143360K, used 82347K [0x0000000080000000, 0x0000000100000000)
  region size 1024K, 1 young (1024K), 1 survivors (1024K)
 Metaspace       used 47122K, committed 47488K, reserved 1097728K
  class space    used 6210K, committed 6400K, reserved 1048576K
}
Event: 15.634 GC heap before
{Heap before GC invocations=26 (full 0):
 garbage-first heap   total 143360K, used 88491K [0x0000000080000000, 0x0000000100000000)
  region size 1024K, 7 young (7168K), 1 survivors (1024K)
 Metaspace       used 47166K, committed 47552K, reserved 1097728K
  class space    used 6216K, committed 6400K, reserved 1048576K
}
Event: 15.636 GC heap after
{Heap after GC invocations=27 (full 0):
 garbage-first heap   total 143360K, used 82040K [0x0000000080000000, 0x0000000100000000)
  region size 1024K, 1 young (1024K), 1 survivors (1024K)
 Metaspace       used 47166K, committed 47552K, reserved 1097728K
  class space    used 6216K, committed 6400K, reserved 1048576K
}
Event: 16.069 GC heap before
{Heap before GC invocations=27 (full 0):
 garbage-first heap   total 143360K, used 117880K [0x0000000080000000, 0x0000000100000000)
  region size 1024K, 37 young (37888K), 1 survivors (1024K)
 Metaspace       used 47205K, committed 47616K, reserved 1097728K
  class space    used 6218K, committed 6400K, reserved 1048576K
}
Event: 16.071 GC heap after
{Heap after GC invocations=28 (full 0):
 garbage-first heap   total 143360K, used 82508K [0x0000000080000000, 0x0000000100000000)
  region size 1024K, 1 young (1024K), 1 survivors (1024K)
 Metaspace       used 47205K, committed 47616K, reserved 1097728K
  class space    used 6218K, committed 6400K, reserved 1048576K
}
Event: 16.564 GC heap before
{Heap before GC invocations=29 (full 0):
 garbage-first heap   total 143360K, used 119372K [0x0000000080000000, 0x0000000100000000)
  region size 1024K, 38 young (38912K), 1 survivors (1024K)
 Metaspace       used 47207K, committed 47616K, reserved 1097728K
  class space    used 6218K, committed 6400K, reserved 1048576K
}
Event: 16.566 GC heap after
{Heap after GC invocations=30 (full 0):
 garbage-first heap   total 143360K, used 82700K [0x0000000080000000, 0x0000000100000000)
  region size 1024K, 1 young (1024K), 1 survivors (1024K)
 Metaspace       used 47207K, committed 47616K, reserved 1097728K
  class space    used 6218K, committed 6400K, reserved 1048576K
}
Event: 16.641 GC heap before
{Heap before GC invocations=30 (full 0):
 garbage-first heap   total 143360K, used 88844K [0x0000000080000000, 0x0000000100000000)
  region size 1024K, 7 young (7168K), 1 survivors (1024K)
 Metaspace       used 47207K, committed 47616K, reserved 1097728K
  class space    used 6218K, committed 6400K, reserved 1048576K
}
Event: 16.645 GC heap after
{Heap after GC invocations=31 (full 0):
 garbage-first heap   total 143360K, used 82446K [0x0000000080000000, 0x0000000100000000)
  region size 1024K, 1 young (1024K), 1 survivors (1024K)
 Metaspace       used 47207K, committed 47616K, reserved 1097728K
  class space    used 6218K, committed 6400K, reserved 1048576K
}
Event: 16.981 GC heap before
{Heap before GC invocations=31 (full 0):
 garbage-first heap   total 143360K, used 121358K [0x0000000080000000, 0x0000000100000000)
  region size 1024K, 39 young (39936K), 1 survivors (1024K)
 Metaspace       used 47210K, committed 47616K, reserved 1097728K
  class space    used 6218K, committed 6400K, reserved 1048576K
}
Event: 16.983 GC heap after
{Heap after GC invocations=32 (full 0):
 garbage-first heap   total 143360K, used 82869K [0x0000000080000000, 0x0000000100000000)
  region size 1024K, 1 young (1024K), 1 survivors (1024K)
 Metaspace       used 47210K, committed 47616K, reserved 1097728K
  class space    used 6218K, committed 6400K, reserved 1048576K
}
Event: 17.499 GC heap before
{Heap before GC invocations=33 (full 0):
 garbage-first heap   total 143360K, used 122805K [0x0000000080000000, 0x0000000100000000)
  region size 1024K, 40 young (40960K), 1 survivors (1024K)
 Metaspace       used 47215K, committed 47616K, reserved 1097728K
  class space    used 6218K, committed 6400K, reserved 1048576K
}
Event: 17.503 GC heap after
{Heap after GC invocations=34 (full 0):
 garbage-first heap   total 143360K, used 83121K [0x0000000080000000, 0x0000000100000000)
  region size 1024K, 2 young (2048K), 2 survivors (2048K)
 Metaspace       used 47215K, committed 47616K, reserved 1097728K
  class space    used 6218K, committed 6400K, reserved 1048576K
}
Event: 17.536 GC heap before
{Heap before GC invocations=34 (full 0):
 garbage-first heap   total 143360K, used 88241K [0x0000000080000000, 0x0000000100000000)
  region size 1024K, 7 young (7168K), 2 survivors (2048K)
 Metaspace       used 47215K, committed 47616K, reserved 1097728K
  class space    used 6218K, committed 6400K, reserved 1048576K
}
Event: 17.540 GC heap after
{Heap after GC invocations=35 (full 0):
 garbage-first heap   total 143360K, used 82852K [0x0000000080000000, 0x0000000100000000)
  region size 1024K, 1 young (1024K), 1 survivors (1024K)
 Metaspace       used 47215K, committed 47616K, reserved 1097728K
  class space    used 6218K, committed 6400K, reserved 1048576K
}
Event: 17.866 GC heap before
{Heap before GC invocations=35 (full 0):
 garbage-first heap   total 143360K, used 121764K [0x0000000080000000, 0x0000000100000000)
  region size 1024K, 40 young (40960K), 1 survivors (1024K)
 Metaspace       used 47216K, committed 47616K, reserved 1097728K
  class space    used 6218K, committed 6400K, reserved 1048576K
}

