# JRE version: OpenJDK Runtime Environment (11.0.15) (build 11.0.15+0-b2043.56-9505619)
# Java VM: OpenJDK 64-Bit Server VM (11.0.15+0-b2043.56-9505619, mixed mode, tiered, compressed oops, g1 gc, windows-amd64)
Heap:
 garbage-first heap   total 432128K, used 243712K [0x0000000080000000, 0x0000000100000000)
  region size 1024K, 90 young (92160K), 12 survivors (12288K)
 Metaspace       used 147539K, capacity 152029K, committed 152144K, reserved 1181696K
  class space    used 18467K, capacity 20206K, committed 20224K, reserved 1048576K
GC Heap History (20 events):
Event: 171.326 GC heap before
{Heap before GC invocations=81 (full 0):
 garbage-first heap   total 326656K, used 265216K [0x0000000080000000, 0x0000000100000000)
  region size 1024K, 17 young (17408K), 4 survivors (4096K)
 Metaspace       used 123957K, capacity 127436K, committed 127696K, reserved 1161216K
  class space    used 15446K, capacity 16749K, committed 16768K, reserved 1048576K
}
Event: 171.350 GC heap after
{Heap after GC invocations=82 (full 0):
 garbage-first heap   total 326656K, used 257536K [0x0000000080000000, 0x0000000100000000)
  region size 1024K, 3 young (3072K), 3 survivors (3072K)
 Metaspace       used 123957K, capacity 127436K, committed 127696K, reserved 1161216K
  class space    used 15446K, capacity 16749K, committed 16768K, reserved 1048576K
}
Event: 171.470 GC heap before
{Heap before GC invocations=82 (full 0):
 garbage-first heap   total 326656K, used 268800K [0x0000000080000000, 0x0000000100000000)
  region size 1024K, 15 young (15360K), 3 survivors (3072K)
 Metaspace       used 123957K, capacity 127436K, committed 127696K, reserved 1161216K
  class space    used 15446K, capacity 16749K, committed 16768K, reserved 1048576K
}
Event: 171.500 GC heap after
{Heap after GC invocations=83 (full 0):
 garbage-first heap   total 432128K, used 270336K [0x0000000080000000, 0x0000000100000000)
  region size 1024K, 2 young (2048K), 2 survivors (2048K)
 Metaspace       used 123957K, capacity 127436K, committed 127696K, reserved 1161216K
  class space    used 15446K, capacity 16749K, committed 16768K, reserved 1048576K
}
Event: 171.713 GC heap before
{Heap before GC invocations=83 (full 0):
 garbage-first heap   total 432128K, used 297984K [0x0000000080000000, 0x0000000100000000)
  region size 1024K, 29 young (29696K), 2 survivors (2048K)
 Metaspace       used 123957K, capacity 127436K, committed 127696K, reserved 1161216K
  class space    used 15446K, capacity 16749K, committed 16768K, reserved 1048576K
}
Event: 171.783 GC heap after
{Heap after GC invocations=84 (full 0):
 garbage-first heap   total 432128K, used 297472K [0x0000000080000000, 0x0000000100000000)
  region size 1024K, 4 young (4096K), 4 survivors (4096K)
 Metaspace       used 123957K, capacity 127436K, committed 127696K, reserved 1161216K
  class space    used 15446K, capacity 16749K, committed 16768K, reserved 1048576K
}
Event: 173.091 GC heap before
{Heap before GC invocations=85 (full 0):
 garbage-first heap   total 432128K, used 289280K [0x0000000080000000, 0x0000000100000000)
  region size 1024K, 27 young (27648K), 4 survivors (4096K)
 Metaspace       used 124091K, capacity 127518K, committed 127696K, reserved 1161216K
  class space    used 15452K, capacity 16751K, committed 16768K, reserved 1048576K
}
Event: 173.135 GC heap after
{Heap after GC invocations=86 (full 0):
 garbage-first heap   total 432128K, used 271360K [0x0000000080000000, 0x0000000100000000)
  region size 1024K, 4 young (4096K), 4 survivors (4096K)
 Metaspace       used 124091K, capacity 127518K, committed 127696K, reserved 1161216K
  class space    used 15452K, capacity 16751K, committed 16768K, reserved 1048576K
}
Event: 189.153 GC heap before
{Heap before GC invocations=86 (full 0):
 garbage-first heap   total 432128K, used 288768K [0x0000000080000000, 0x0000000100000000)
  region size 1024K, 21 young (21504K), 4 survivors (4096K)
 Metaspace       used 124415K, capacity 127816K, committed 127952K, reserved 1161216K
  class space    used 15495K, capacity 16759K, committed 16768K, reserved 1048576K
}
Event: 189.170 GC heap after
{Heap after GC invocations=87 (full 0):
 garbage-first heap   total 432128K, used 259356K [0x0000000080000000, 0x0000000100000000)
  region size 1024K, 1 young (1024K), 1 survivors (1024K)
 Metaspace       used 124415K, capacity 127816K, committed 127952K, reserved 1161216K
  class space    used 15495K, capacity 16759K, committed 16768K, reserved 1048576K
}
Event: 191.207 GC heap before
{Heap before GC invocations=87 (full 0):
 garbage-first heap   total 432128K, used 300316K [0x0000000080000000, 0x0000000100000000)
  region size 1024K, 42 young (43008K), 1 survivors (1024K)
 Metaspace       used 125141K, capacity 128595K, committed 128848K, reserved 1161216K
  class space    used 15583K, capacity 16846K, committed 16896K, reserved 1048576K
}
Event: 191.242 GC heap after
{Heap after GC invocations=88 (full 0):
 garbage-first heap   total 432128K, used 263809K [0x0000000080000000, 0x0000000100000000)
  region size 1024K, 6 young (6144K), 6 survivors (6144K)
 Metaspace       used 125141K, capacity 128595K, committed 128848K, reserved 1161216K
  class space    used 15583K, capacity 16846K, committed 16896K, reserved 1048576K
}
Event: 194.449 GC heap before
{Heap before GC invocations=89 (full 0):
 garbage-first heap   total 432128K, used 211585K [0x0000000080000000, 0x0000000100000000)
  region size 1024K, 49 young (50176K), 6 survivors (6144K)
 Metaspace       used 134588K, capacity 138313K, committed 138576K, reserved 1169408K
  class space    used 16954K, capacity 18399K, committed 18432K, reserved 1048576K
}
Event: 194.489 GC heap after
{Heap after GC invocations=90 (full 0):
 garbage-first heap   total 432128K, used 169793K [0x0000000080000000, 0x0000000100000000)
  region size 1024K, 3 young (3072K), 3 survivors (3072K)
 Metaspace       used 134588K, capacity 138313K, committed 138576K, reserved 1169408K
  class space    used 16954K, capacity 18399K, committed 18432K, reserved 1048576K
}
Event: 195.678 GC heap before
{Heap before GC invocations=90 (full 0):
 garbage-first heap   total 432128K, used 188225K [0x0000000080000000, 0x0000000100000000)
  region size 1024K, 21 young (21504K), 3 survivors (3072K)
 Metaspace       used 136916K, capacity 140826K, committed 141008K, reserved 1171456K
  class space    used 17284K, capacity 18800K, committed 18816K, reserved 1048576K
}
Event: 195.699 GC heap after
{Heap after GC invocations=91 (full 0):
 garbage-first heap   total 432128K, used 154877K [0x0000000080000000, 0x0000000100000000)
  region size 1024K, 2 young (2048K), 2 survivors (2048K)
 Metaspace       used 136916K, capacity 140826K, committed 141008K, reserved 1171456K
  class space    used 17284K, capacity 18800K, committed 18816K, reserved 1048576K
}
Event: 219.211 GC heap before
{Heap before GC invocations=91 (full 0):
 garbage-first heap   total 432128K, used 241917K [0x0000000080000000, 0x0000000100000000)
  region size 1024K, 72 young (73728K), 2 survivors (2048K)
 Metaspace       used 146305K, capacity 150619K, committed 150864K, reserved 1179648K
  class space    used 18411K, capacity 20103K, committed 20224K, reserved 1048576K
}
Event: 219.229 GC heap after
{Heap after GC invocations=92 (full 0):
 garbage-first heap   total 432128K, used 157836K [0x0000000080000000, 0x0000000100000000)
  region size 1024K, 5 young (5120K), 5 survivors (5120K)
 Metaspace       used 146305K, capacity 150619K, committed 150864K, reserved 1179648K
  class space    used 18411K, capacity 20103K, committed 20224K, reserved 1048576K
}
Event: 1080.986 GC heap before
{Heap before GC invocations=92 (full 0):
 garbage-first heap   total 432128K, used 244876K [0x0000000080000000, 0x0000000100000000)
  region size 1024K, 90 young (92160K), 5 survivors (5120K)
 Metaspace       used 147185K, capacity 151615K, committed 151888K, reserved 1181696K
  class space    used 18457K, capacity 20188K, committed 20224K, reserved 1048576K
}
Event: 1081.037 GC heap after
{Heap after GC invocations=93 (full 0):
 garbage-first heap   total 432128K, used 165888K [0x0000000080000000, 0x0000000100000000)
  region size 1024K, 12 young (12288K), 12 survivors (12288K)
 Metaspace       used 147185K, capacity 151615K, committed 151888K, reserved 1181696K
  class space    used 18457K, capacity 20188K, committed 20224K, reserved 1048576K
}

