# JRE version: OpenJDK Runtime Environment (11.0.15) (build 11.0.15+0-b2043.56-9505619)
# Java VM: OpenJDK 64-Bit Server VM (11.0.15+0-b2043.56-9505619, mixed mode, tiered, compressed oops, g1 gc, windows-amd64)
Heap:
 garbage-first heap   total 475136K, used 304637K [0x0000000080000000, 0x0000000100000000)
  region size 1024K, 7 young (7168K), 7 survivors (7168K)
 Metaspace       used 124286K, capacity 127631K, committed 127976K, reserved 1161216K
  class space    used 15580K, capacity 16870K, committed 16972K, reserved 1048576K
GC Heap History (20 events):
Event: 67.131 GC heap after
{Heap after GC invocations=54 (full 0):
 garbage-first heap   total 328704K, used 251904K [0x0000000080000000, 0x0000000100000000)
  region size 1024K, 4 young (4096K), 4 survivors (4096K)
 Metaspace       used 114031K, capacity 117040K, committed 117224K, reserved 1150976K
  class space    used 14509K, capacity 15611K, committed 15692K, reserved 1048576K
}
Event: 68.698 GC heap before
{Heap before GC invocations=55 (full 0):
 garbage-first heap   total 328704K, used 267264K [0x0000000080000000, 0x0000000100000000)
  region size 1024K, 20 young (20480K), 4 survivors (4096K)
 Metaspace       used 114602K, capacity 117639K, committed 117864K, reserved 1150976K
  class space    used 14599K, capacity 15725K, committed 15820K, reserved 1048576K
}
Event: 68.735 GC heap after
{Heap after GC invocations=56 (full 0):
 garbage-first heap   total 406528K, used 258560K [0x0000000080000000, 0x0000000100000000)
  region size 1024K, 3 young (3072K), 3 survivors (3072K)
 Metaspace       used 114602K, capacity 117639K, committed 117864K, reserved 1150976K
  class space    used 14599K, capacity 15725K, committed 15820K, reserved 1048576K
}
Event: 71.531 GC heap before
{Heap before GC invocations=57 (full 0):
 garbage-first heap   total 406528K, used 285184K [0x0000000080000000, 0x0000000100000000)
  region size 1024K, 42 young (43008K), 3 survivors (3072K)
 Metaspace       used 117003K, capacity 120110K, committed 120424K, reserved 1155072K
  class space    used 14858K, capacity 15984K, committed 16076K, reserved 1048576K
}
Event: 71.569 GC heap after
{Heap after GC invocations=58 (full 0):
 garbage-first heap   total 406528K, used 252800K [0x0000000080000000, 0x0000000100000000)
  region size 1024K, 6 young (6144K), 6 survivors (6144K)
 Metaspace       used 117003K, capacity 120110K, committed 120424K, reserved 1155072K
  class space    used 14858K, capacity 15984K, committed 16076K, reserved 1048576K
}
Event: 71.750 GC heap before
{Heap before GC invocations=58 (full 0):
 garbage-first heap   total 406528K, used 265088K [0x0000000080000000, 0x0000000100000000)
  region size 1024K, 19 young (19456K), 6 survivors (6144K)
 Metaspace       used 117223K, capacity 120302K, committed 120424K, reserved 1155072K
  class space    used 14880K, capacity 16002K, committed 16076K, reserved 1048576K
}
Event: 71.783 GC heap after
{Heap after GC invocations=59 (full 0):
 garbage-first heap   total 406528K, used 252770K [0x0000000080000000, 0x0000000100000000)
  region size 1024K, 1 young (1024K), 1 survivors (1024K)
 Metaspace       used 117223K, capacity 120302K, committed 120424K, reserved 1155072K
  class space    used 14880K, capacity 16002K, committed 16076K, reserved 1048576K
}
Event: 71.875 GC heap before
{Heap before GC invocations=59 (full 0):
 garbage-first heap   total 406528K, used 255842K [0x0000000080000000, 0x0000000100000000)
  region size 1024K, 5 young (5120K), 1 survivors (1024K)
 Metaspace       used 117264K, capacity 120372K, committed 120680K, reserved 1155072K
  class space    used 14883K, capacity 16004K, committed 16076K, reserved 1048576K
}
Event: 71.883 GC heap after
{Heap after GC invocations=60 (full 0):
 garbage-first heap   total 406528K, used 252955K [0x0000000080000000, 0x0000000100000000)
  region size 1024K, 2 young (2048K), 2 survivors (2048K)
 Metaspace       used 117264K, capacity 120372K, committed 120680K, reserved 1155072K
  class space    used 14883K, capacity 16004K, committed 16076K, reserved 1048576K
}
Event: 74.677 GC heap before
{Heap before GC invocations=61 (full 0):
 garbage-first heap   total 406528K, used 298011K [0x0000000080000000, 0x0000000100000000)
  region size 1024K, 46 young (47104K), 2 survivors (2048K)
 Metaspace       used 118392K, capacity 121619K, committed 121960K, reserved 1155072K
  class space    used 15017K, capacity 16227K, committed 16332K, reserved 1048576K
}
Event: 74.703 GC heap after
{Heap after GC invocations=62 (full 0):
 garbage-first heap   total 406528K, used 259632K [0x0000000080000000, 0x0000000100000000)
  region size 1024K, 6 young (6144K), 6 survivors (6144K)
 Metaspace       used 118392K, capacity 121619K, committed 121960K, reserved 1155072K
  class space    used 15017K, capacity 16227K, committed 16332K, reserved 1048576K
}
Event: 75.223 GC heap before
{Heap before GC invocations=62 (full 0):
 garbage-first heap   total 406528K, used 272944K [0x0000000080000000, 0x0000000100000000)
  region size 1024K, 19 young (19456K), 6 survivors (6144K)
 Metaspace       used 119150K, capacity 122454K, committed 122600K, reserved 1155072K
  class space    used 15095K, capacity 16333K, committed 16460K, reserved 1048576K
}
Event: 75.244 GC heap after
{Heap after GC invocations=63 (full 0):
 garbage-first heap   total 406528K, used 260257K [0x0000000080000000, 0x0000000100000000)
  region size 1024K, 3 young (3072K), 3 survivors (3072K)
 Metaspace       used 119150K, capacity 122454K, committed 122600K, reserved 1155072K
  class space    used 15095K, capacity 16333K, committed 16460K, reserved 1048576K
}
Event: 75.877 GC heap before
{Heap before GC invocations=63 (full 0):
 garbage-first heap   total 406528K, used 293025K [0x0000000080000000, 0x0000000100000000)
  region size 1024K, 37 young (37888K), 3 survivors (3072K)
 Metaspace       used 120029K, capacity 123385K, committed 123624K, reserved 1157120K
  class space    used 15167K, capacity 16423K, committed 16460K, reserved 1048576K
}
Event: 75.895 GC heap after
{Heap after GC invocations=64 (full 0):
 garbage-first heap   total 406528K, used 262876K [0x0000000080000000, 0x0000000100000000)
  region size 1024K, 5 young (5120K), 5 survivors (5120K)
 Metaspace       used 120029K, capacity 123385K, committed 123624K, reserved 1157120K
  class space    used 15167K, capacity 16423K, committed 16460K, reserved 1048576K
}
Event: 78.424 GC heap before
{Heap before GC invocations=65 (full 0):
 garbage-first heap   total 406528K, used 321244K [0x0000000080000000, 0x0000000100000000)
  region size 1024K, 54 young (55296K), 5 survivors (5120K)
 Metaspace       used 123142K, capacity 126445K, committed 126824K, reserved 1159168K
  class space    used 15443K, capacity 16715K, committed 16844K, reserved 1048576K
}
Event: 78.480 GC heap after
{Heap after GC invocations=66 (full 0):
 garbage-first heap   total 406528K, used 274532K [0x0000000080000000, 0x0000000100000000)
  region size 1024K, 7 young (7168K), 7 survivors (7168K)
 Metaspace       used 123142K, capacity 126445K, committed 126824K, reserved 1159168K
  class space    used 15443K, capacity 16715K, committed 16844K, reserved 1048576K
}
Event: 79.031 GC heap before
{Heap before GC invocations=66 (full 0):
 garbage-first heap   total 406528K, used 285796K [0x0000000080000000, 0x0000000100000000)
  region size 1024K, 19 young (19456K), 7 survivors (7168K)
 Metaspace       used 123764K, capacity 127115K, committed 127336K, reserved 1161216K
  class space    used 15524K, capacity 16828K, committed 16844K, reserved 1048576K
}
Event: 79.082 GC heap after
{Heap after GC invocations=67 (full 0):
 garbage-first heap   total 406528K, used 269510K [0x0000000080000000, 0x0000000100000000)
  region size 1024K, 2 young (2048K), 2 survivors (2048K)
 Metaspace       used 123764K, capacity 127115K, committed 127336K, reserved 1161216K
  class space    used 15524K, capacity 16828K, committed 16844K, reserved 1048576K
}
Event: 80.997 GC heap before
{Heap before GC invocations=67 (full 0):
 garbage-first heap   total 406528K, used 328902K [0x0000000080000000, 0x0000000100000000)
  region size 1024K, 52 young (53248K), 2 survivors (2048K)
 Metaspace       used 124286K, capacity 127631K, committed 127976K, reserved 1161216K
  class space    used 15580K, capacity 16870K, committed 16972K, reserved 1048576K
}

